#
# There is insufficient memory for the Java Runtime Environment to continue.
# Native memory allocation (malloc) failed to allocate 644496 bytes for Chunk::new
# Possible reasons:
#   The system is out of physical RAM or swap space
#   The process is running with CompressedOops enabled, and the Java Heap may be blocking the growth of the native heap
# Possible solutions:
#   Reduce memory load on the system
#   Increase physical memory or swap space
#   Check if swap backing store is full
#   Decrease Java heap size (-Xmx/-Xms)
#   Decrease number of Java threads
#   Decrease Java thread stack sizes (-Xss)
#   Set larger code cache with -XX:ReservedCodeCacheSize=
#   JVM is running with Unscaled Compressed Oops mode in which the Java heap is
#     placed in the first 4GB address space. The Java Heap base address is the
#     maximum limit for the native heap growth. Please use -XX:HeapBaseMinAddress
#     to set the Java Heap base and to place the Java Heap above 4GB virtual address.
# This output file may be truncated or incomplete.
#
#  Out of Memory Error (arena.cpp:168), pid=13480, tid=13928
#
# JRE version: Java(TM) SE Runtime Environment (21.0.2+13) (build 21.0.2+13-LTS-58)
# Java VM: Java HotSpot(TM) 64-Bit Server VM (21.0.2+13-LTS-58, mixed mode, sharing, tiered, compressed oops, compressed class ptrs, g1 gc, windows-amd64)
# No core dump will be written. Minidumps are not enabled by default on client versions of Windows
#

---------------  S U M M A R Y ------------

Command Line: --add-opens=java.base/java.util=ALL-UNNAMED --add-opens=java.base/java.lang=ALL-UNNAMED --add-opens=java.base/java.lang.invoke=ALL-UNNAMED --add-opens=java.prefs/java.util.prefs=ALL-UNNAMED --add-exports=jdk.compiler/com.sun.tools.javac.api=ALL-UNNAMED --add-exports=jdk.compiler/com.sun.tools.javac.util=ALL-UNNAMED --add-opens=java.base/java.nio.charset=ALL-UNNAMED --add-opens=java.base/java.net=ALL-UNNAMED --add-opens=java.base/java.util.concurrent.atomic=ALL-UNNAMED -XX:MaxMetaspaceSize=384m -XX:+HeapDumpOnOutOfMemoryError -Xms256m -Xmx512m -Dfile.encoding=UTF-8 -Duser.country=US -Duser.language=en -Duser.variant -javaagent:C:\Users\CeylanB\.gradle\wrapper\dists\gradle-8.10-bin\deqhafrv1ntovfmgh0nh3npr9\gradle-8.10\lib\agents\gradle-instrumentation-agent-8.10.jar org.gradle.launcher.daemon.bootstrap.GradleDaemon 8.10

Host: Intel(R) Core(TM) i5-10210U CPU @ 1.60GHz, 8 cores, 3G,  Windows 10 , 64 bit Build 19041 (10.0.19041.5438)
Time: Mon Mar 10 16:19:24 2025 Turkey Standard Time elapsed time: 3.765548 seconds (0d 0h 0m 3s)

---------------  T H R E A D  ---------------

Current thread (0x000002c7b2a2a720):  JavaThread "C2 CompilerThread0" daemon [_thread_in_native, id=13928, stack(0x000000f79a600000,0x000000f79a700000) (1024K)]


Current CompileTask:
C2:   3765 2665   !   4       java.lang.ClassLoader::loadClass (121 bytes)

Stack: [0x000000f79a600000,0x000000f79a700000]
Native frames: (J=compiled Java code, j=interpreted, Vv=VM code, C=native code)
V  [jvm.dll+0x6cade9]
V  [jvm.dll+0x8569c1]
V  [jvm.dll+0x858d2e]
V  [jvm.dll+0x859413]
V  [jvm.dll+0x280e56]
V  [jvm.dll+0xc3f3d]
V  [jvm.dll+0xc4473]
V  [jvm.dll+0x2f437f]
V  [jvm.dll+0x5f5056]
V  [jvm.dll+0x252d7f]
V  [jvm.dll+0x24b25c]
V  [jvm.dll+0x2490a3]
V  [jvm.dll+0x1c9634]
V  [jvm.dll+0x258859]
V  [jvm.dll+0x256e3a]
V  [jvm.dll+0x3ef6c6]
V  [jvm.dll+0x7ff568]
V  [jvm.dll+0x6c953d]
C  [ucrtbase.dll+0x21bb2]
C  [KERNEL32.DLL+0x17374]
C  [ntdll.dll+0x4cc91]


---------------  P R O C E S S  ---------------

Threads class SMR info:
_java_thread_list=0x000002c7cec87340, length=24, elements={
0x000002c795ee19e0, 0x000002c7b2a0e450, 0x000002c7b2a0efb0, 0x000002c7b2a13c20,
0x000002c7b2a16a10, 0x000002c7b2a19480, 0x000002c7b2a254f0, 0x000002c7b2a2a720,
0x000002c7b2a2b1d0, 0x000002c7b2c5f200, 0x000002c7b2c5f890, 0x000002c7b2c5ff20,
0x000002c7b2c5eb70, 0x000002c7b2c605b0, 0x000002c7b2c5d7c0, 0x000002c7b2c5e4e0,
0x000002c7cdb69ed0, 0x000002c7cdb6abf0, 0x000002c7cdb6b280, 0x000002c7cdb68b20,
0x000002c7cdb66a50, 0x000002c7cdb6a560, 0x000002c7cdb68490, 0x000002c7cdb6b910
}

Java Threads: ( => current thread )
  0x000002c795ee19e0 JavaThread "main"                              [_thread_blocked, id=3512, stack(0x000000f799800000,0x000000f799900000) (1024K)]
  0x000002c7b2a0e450 JavaThread "Reference Handler"          daemon [_thread_blocked, id=8488, stack(0x000000f79a000000,0x000000f79a100000) (1024K)]
  0x000002c7b2a0efb0 JavaThread "Finalizer"                  daemon [_thread_blocked, id=9304, stack(0x000000f79a100000,0x000000f79a200000) (1024K)]
  0x000002c7b2a13c20 JavaThread "Signal Dispatcher"          daemon [_thread_blocked, id=1988, stack(0x000000f79a200000,0x000000f79a300000) (1024K)]
  0x000002c7b2a16a10 JavaThread "Attach Listener"            daemon [_thread_blocked, id=11852, stack(0x000000f79a300000,0x000000f79a400000) (1024K)]
  0x000002c7b2a19480 JavaThread "Service Thread"             daemon [_thread_blocked, id=10464, stack(0x000000f79a400000,0x000000f79a500000) (1024K)]
  0x000002c7b2a254f0 JavaThread "Monitor Deflation Thread"   daemon [_thread_blocked, id=14740, stack(0x000000f79a500000,0x000000f79a600000) (1024K)]
=>0x000002c7b2a2a720 JavaThread "C2 CompilerThread0"         daemon [_thread_in_native, id=13928, stack(0x000000f79a600000,0x000000f79a700000) (1024K)]
  0x000002c7b2a2b1d0 JavaThread "C1 CompilerThread0"         daemon [_thread_blocked, id=9532, stack(0x000000f79a700000,0x000000f79a800000) (1024K)]
  0x000002c7b2c5f200 JavaThread "Common-Cleaner"             daemon [_thread_blocked, id=3744, stack(0x000000f79a800000,0x000000f79a900000) (1024K)]
  0x000002c7b2c5f890 JavaThread "Notification Thread"        daemon [_thread_blocked, id=18908, stack(0x000000f79a900000,0x000000f79aa00000) (1024K)]
  0x000002c7b2c5ff20 JavaThread "Daemon health stats"               [_thread_blocked, id=11600, stack(0x000000f79b100000,0x000000f79b200000) (1024K)]
  0x000002c7b2c5eb70 JavaThread "Incoming local TCP Connector on port 56672"        [_thread_in_native, id=15560, stack(0x000000f79b200000,0x000000f79b300000) (1024K)]
  0x000002c7b2c605b0 JavaThread "Daemon periodic checks"            [_thread_blocked, id=17556, stack(0x000000f79b300000,0x000000f79b400000) (1024K)]
  0x000002c7b2c5d7c0 JavaThread "Daemon"                            [_thread_blocked, id=5744, stack(0x000000f79b400000,0x000000f79b500000) (1024K)]
  0x000002c7b2c5e4e0 JavaThread "Handler for socket connection from /127.0.0.1:56672 to /127.0.0.1:56673"        [_thread_in_native, id=16096, stack(0x000000f79b500000,0x000000f79b600000) (1024K)]
  0x000002c7cdb69ed0 JavaThread "Cancel handler"                    [_thread_blocked, id=2280, stack(0x000000f79b600000,0x000000f79b700000) (1024K)]
  0x000002c7cdb6abf0 JavaThread "Daemon worker"                     [_thread_in_Java, id=3368, stack(0x000000f79b700000,0x000000f79b800000) (1024K)]
  0x000002c7cdb6b280 JavaThread "Asynchronous log dispatcher for DefaultDaemonConnection: socket connection from /127.0.0.1:56672 to /127.0.0.1:56673"        [_thread_blocked, id=7516, stack(0x000000f79b800000,0x000000f79b900000) (1024K)]
  0x000002c7cdb68b20 JavaThread "Stdin handler"                     [_thread_blocked, id=9372, stack(0x000000f79b900000,0x000000f79ba00000) (1024K)]
  0x000002c7cdb66a50 JavaThread "Daemon client event forwarder"        [_thread_blocked, id=6444, stack(0x000000f79ba00000,0x000000f79bb00000) (1024K)]
  0x000002c7cdb6a560 JavaThread "Cache worker for journal cache (C:\Users\CeylanB\.gradle\caches\journal-1)"        [_thread_blocked, id=11900, stack(0x000000f79bb00000,0x000000f79bc00000) (1024K)]
  0x000002c7cdb68490 JavaThread "File lock request listener"        [_thread_in_native, id=10356, stack(0x000000f79bc00000,0x000000f79bd00000) (1024K)]
  0x000002c7cdb6b910 JavaThread "Cache worker for file hash cache (C:\Users\CeylanB\.gradle\caches\8.10\fileHashes)"        [_thread_blocked, id=9788, stack(0x000000f79bd00000,0x000000f79be00000) (1024K)]
Total: 24

Other Threads:
  0x000002c7b29ef220 VMThread "VM Thread"                           [id=10904, stack(0x000000f799f00000,0x000000f79a000000) (1024K)]
  0x000002c7b29d7bb0 WatcherThread "VM Periodic Task Thread"        [id=4288, stack(0x000000f799e00000,0x000000f799f00000) (1024K)]
  0x000002c795f0e450 WorkerThread "GC Thread#0"                     [id=16220, stack(0x000000f799900000,0x000000f799a00000) (1024K)]
  0x000002c7cc2b8e80 WorkerThread "GC Thread#1"                     [id=19344, stack(0x000000f79aa00000,0x000000f79ab00000) (1024K)]
  0x000002c7cc2b9220 WorkerThread "GC Thread#2"                     [id=15984, stack(0x000000f79ab00000,0x000000f79ac00000) (1024K)]
  0x000002c7cc2b95c0 WorkerThread "GC Thread#3"                     [id=11700, stack(0x000000f79ac00000,0x000000f79ad00000) (1024K)]
  0x000002c7cc2b9960 WorkerThread "GC Thread#4"                     [id=16628, stack(0x000000f79ad00000,0x000000f79ae00000) (1024K)]
  0x000002c7b2eef780 WorkerThread "GC Thread#5"                     [id=11408, stack(0x000000f79ae00000,0x000000f79af00000) (1024K)]
  0x000002c7ccb552d0 WorkerThread "GC Thread#6"                     [id=12816, stack(0x000000f79af00000,0x000000f79b000000) (1024K)]
  0x000002c7ccb547f0 WorkerThread "GC Thread#7"                     [id=17880, stack(0x000000f79b000000,0x000000f79b100000) (1024K)]
  0x000002c795f13340 ConcurrentGCThread "G1 Main Marker"            [id=6292, stack(0x000000f799a00000,0x000000f799b00000) (1024K)]
  0x000002c795d59fd0 WorkerThread "G1 Conc#0"                       [id=17192, stack(0x000000f799b00000,0x000000f799c00000) (1024K)]
  0x000002c795faeae0 ConcurrentGCThread "G1 Refine#0"               [id=9076, stack(0x000000f799c00000,0x000000f799d00000) (1024K)]
  0x000002c7b28b3660 ConcurrentGCThread "G1 Service"                [id=16088, stack(0x000000f799d00000,0x000000f799e00000) (1024K)]
Total: 14

Threads with active compile tasks:
C2 CompilerThread0     3807 2665   !   4       java.lang.ClassLoader::loadClass (121 bytes)
Total: 1

VM state: not at safepoint (normal execution)

VM Mutex/Monitor currently owned by a thread: None

Heap address: 0x00000000e0000000, size: 512 MB, Compressed Oops mode: 32-bit

CDS archive(s) mapped at: [0x000002c7b3000000-0x000002c7b3c90000-0x000002c7b3c90000), size 13172736, SharedBaseAddress: 0x000002c7b3000000, ArchiveRelocationMode: 1.
Compressed class space mapped at: 0x000002c7b4000000-0x000002c7c8000000, reserved size: 335544320
Narrow klass base: 0x000002c7b3000000, Narrow klass shift: 0, Narrow klass range: 0x100000000

GC Precious Log:
 CardTable entry size: 512
 Card Set container configuration: InlinePtr #cards 5 size 8 Array Of Cards #cards 12 size 40 Howl #buckets 4 coarsen threshold 1843 Howl Bitmap #cards 512 size 80 coarsen threshold 460 Card regions per heap region 1 cards per card region 2048
 CPUs: 8 total, 8 available
 Memory: 3929M
 Large Page Support: Disabled
 NUMA Support: Disabled
 Compressed Oops: Enabled (32-bit)
 Heap Region Size: 1M
 Heap Min Capacity: 256M
 Heap Initial Capacity: 256M
 Heap Max Capacity: 512M
 Pre-touch: Disabled
 Parallel Workers: 8
 Concurrent Workers: 2
 Concurrent Refinement Workers: 8
 Periodic GC: Disabled

Heap:
 garbage-first heap   total 262144K, used 64512K [0x00000000e0000000, 0x0000000100000000)
  region size 1024K, 53 young (54272K), 7 survivors (7168K)
 Metaspace       used 15943K, committed 16384K, reserved 393216K
  class space    used 2177K, committed 2368K, reserved 327680K

Heap Regions: E=young(eden), S=young(survivor), O=old, HS=humongous(starts), HC=humongous(continues), CS=collection set, F=free, TAMS=top-at-mark-start, PB=parsable bottom
|   0|0x00000000e0000000, 0x00000000e0100000, 0x00000000e0100000|100%| O|  |TAMS 0x00000000e0000000| PB 0x00000000e0000000| Untracked 
|   1|0x00000000e0100000, 0x00000000e0200000, 0x00000000e0200000|100%| O|  |TAMS 0x00000000e0100000| PB 0x00000000e0100000| Untracked 
|   2|0x00000000e0200000, 0x00000000e0300000, 0x00000000e0300000|100%|HS|  |TAMS 0x00000000e0200000| PB 0x00000000e0200000| Complete 
|   3|0x00000000e0300000, 0x00000000e0400000, 0x00000000e0400000|100%|HC|  |TAMS 0x00000000e0300000| PB 0x00000000e0300000| Complete 
|   4|0x00000000e0400000, 0x00000000e0500000, 0x00000000e0500000|100%|HC|  |TAMS 0x00000000e0400000| PB 0x00000000e0400000| Complete 
|   5|0x00000000e0500000, 0x00000000e0600000, 0x00000000e0600000|100%|HC|  |TAMS 0x00000000e0500000| PB 0x00000000e0500000| Complete 
|   6|0x00000000e0600000, 0x00000000e0700000, 0x00000000e0700000|100%| O|  |TAMS 0x00000000e0600000| PB 0x00000000e0600000| Untracked 
|   7|0x00000000e0700000, 0x00000000e0800000, 0x00000000e0800000|100%| O|  |TAMS 0x00000000e0700000| PB 0x00000000e0700000| Untracked 
|   8|0x00000000e0800000, 0x00000000e0900000, 0x00000000e0900000|100%| O|  |TAMS 0x00000000e0800000| PB 0x00000000e0800000| Untracked 
|   9|0x00000000e0900000, 0x00000000e0a00000, 0x00000000e0a00000|100%|HS|  |TAMS 0x00000000e0900000| PB 0x00000000e0900000| Complete 
|  10|0x00000000e0a00000, 0x00000000e0a00000, 0x00000000e0b00000|  0%| F|  |TAMS 0x00000000e0a00000| PB 0x00000000e0a00000| Untracked 
|  11|0x00000000e0b00000, 0x00000000e0c00000, 0x00000000e0c00000|100%| O|  |TAMS 0x00000000e0b00000| PB 0x00000000e0b00000| Untracked 
|  12|0x00000000e0c00000, 0x00000000e0c00000, 0x00000000e0d00000|  0%| F|  |TAMS 0x00000000e0c00000| PB 0x00000000e0c00000| Untracked 
|  13|0x00000000e0d00000, 0x00000000e0d00000, 0x00000000e0e00000|  0%| F|  |TAMS 0x00000000e0d00000| PB 0x00000000e0d00000| Untracked 
|  14|0x00000000e0e00000, 0x00000000e0e00000, 0x00000000e0f00000|  0%| F|  |TAMS 0x00000000e0e00000| PB 0x00000000e0e00000| Untracked 
|  15|0x00000000e0f00000, 0x00000000e0f00000, 0x00000000e1000000|  0%| F|  |TAMS 0x00000000e0f00000| PB 0x00000000e0f00000| Untracked 
|  16|0x00000000e1000000, 0x00000000e1000000, 0x00000000e1100000|  0%| F|  |TAMS 0x00000000e1000000| PB 0x00000000e1000000| Untracked 
|  17|0x00000000e1100000, 0x00000000e1100000, 0x00000000e1200000|  0%| F|  |TAMS 0x00000000e1100000| PB 0x00000000e1100000| Untracked 
|  18|0x00000000e1200000, 0x00000000e1200000, 0x00000000e1300000|  0%| F|  |TAMS 0x00000000e1200000| PB 0x00000000e1200000| Untracked 
|  19|0x00000000e1300000, 0x00000000e1300000, 0x00000000e1400000|  0%| F|  |TAMS 0x00000000e1300000| PB 0x00000000e1300000| Untracked 
|  20|0x00000000e1400000, 0x00000000e1400000, 0x00000000e1500000|  0%| F|  |TAMS 0x00000000e1400000| PB 0x00000000e1400000| Untracked 
|  21|0x00000000e1500000, 0x00000000e1500000, 0x00000000e1600000|  0%| F|  |TAMS 0x00000000e1500000| PB 0x00000000e1500000| Untracked 
|  22|0x00000000e1600000, 0x00000000e1600000, 0x00000000e1700000|  0%| F|  |TAMS 0x00000000e1600000| PB 0x00000000e1600000| Untracked 
|  23|0x00000000e1700000, 0x00000000e1700000, 0x00000000e1800000|  0%| F|  |TAMS 0x00000000e1700000| PB 0x00000000e1700000| Untracked 
|  24|0x00000000e1800000, 0x00000000e1800000, 0x00000000e1900000|  0%| F|  |TAMS 0x00000000e1800000| PB 0x00000000e1800000| Untracked 
|  25|0x00000000e1900000, 0x00000000e1900000, 0x00000000e1a00000|  0%| F|  |TAMS 0x00000000e1900000| PB 0x00000000e1900000| Untracked 
|  26|0x00000000e1a00000, 0x00000000e1a00000, 0x00000000e1b00000|  0%| F|  |TAMS 0x00000000e1a00000| PB 0x00000000e1a00000| Untracked 
|  27|0x00000000e1b00000, 0x00000000e1b00000, 0x00000000e1c00000|  0%| F|  |TAMS 0x00000000e1b00000| PB 0x00000000e1b00000| Untracked 
|  28|0x00000000e1c00000, 0x00000000e1c00000, 0x00000000e1d00000|  0%| F|  |TAMS 0x00000000e1c00000| PB 0x00000000e1c00000| Untracked 
|  29|0x00000000e1d00000, 0x00000000e1d00000, 0x00000000e1e00000|  0%| F|  |TAMS 0x00000000e1d00000| PB 0x00000000e1d00000| Untracked 
|  30|0x00000000e1e00000, 0x00000000e1e00000, 0x00000000e1f00000|  0%| F|  |TAMS 0x00000000e1e00000| PB 0x00000000e1e00000| Untracked 
|  31|0x00000000e1f00000, 0x00000000e1f00000, 0x00000000e2000000|  0%| F|  |TAMS 0x00000000e1f00000| PB 0x00000000e1f00000| Untracked 
|  32|0x00000000e2000000, 0x00000000e2000000, 0x00000000e2100000|  0%| F|  |TAMS 0x00000000e2000000| PB 0x00000000e2000000| Untracked 
|  33|0x00000000e2100000, 0x00000000e2100000, 0x00000000e2200000|  0%| F|  |TAMS 0x00000000e2100000| PB 0x00000000e2100000| Untracked 
|  34|0x00000000e2200000, 0x00000000e2200000, 0x00000000e2300000|  0%| F|  |TAMS 0x00000000e2200000| PB 0x00000000e2200000| Untracked 
|  35|0x00000000e2300000, 0x00000000e2300000, 0x00000000e2400000|  0%| F|  |TAMS 0x00000000e2300000| PB 0x00000000e2300000| Untracked 
|  36|0x00000000e2400000, 0x00000000e2400000, 0x00000000e2500000|  0%| F|  |TAMS 0x00000000e2400000| PB 0x00000000e2400000| Untracked 
|  37|0x00000000e2500000, 0x00000000e2500000, 0x00000000e2600000|  0%| F|  |TAMS 0x00000000e2500000| PB 0x00000000e2500000| Untracked 
|  38|0x00000000e2600000, 0x00000000e2600000, 0x00000000e2700000|  0%| F|  |TAMS 0x00000000e2600000| PB 0x00000000e2600000| Untracked 
|  39|0x00000000e2700000, 0x00000000e2700000, 0x00000000e2800000|  0%| F|  |TAMS 0x00000000e2700000| PB 0x00000000e2700000| Untracked 
|  40|0x00000000e2800000, 0x00000000e2800000, 0x00000000e2900000|  0%| F|  |TAMS 0x00000000e2800000| PB 0x00000000e2800000| Untracked 
|  41|0x00000000e2900000, 0x00000000e2900000, 0x00000000e2a00000|  0%| F|  |TAMS 0x00000000e2900000| PB 0x00000000e2900000| Untracked 
|  42|0x00000000e2a00000, 0x00000000e2a00000, 0x00000000e2b00000|  0%| F|  |TAMS 0x00000000e2a00000| PB 0x00000000e2a00000| Untracked 
|  43|0x00000000e2b00000, 0x00000000e2b00000, 0x00000000e2c00000|  0%| F|  |TAMS 0x00000000e2b00000| PB 0x00000000e2b00000| Untracked 
|  44|0x00000000e2c00000, 0x00000000e2c00000, 0x00000000e2d00000|  0%| F|  |TAMS 0x00000000e2c00000| PB 0x00000000e2c00000| Untracked 
|  45|0x00000000e2d00000, 0x00000000e2d00000, 0x00000000e2e00000|  0%| F|  |TAMS 0x00000000e2d00000| PB 0x00000000e2d00000| Untracked 
|  46|0x00000000e2e00000, 0x00000000e2e00000, 0x00000000e2f00000|  0%| F|  |TAMS 0x00000000e2e00000| PB 0x00000000e2e00000| Untracked 
|  47|0x00000000e2f00000, 0x00000000e2f00000, 0x00000000e3000000|  0%| F|  |TAMS 0x00000000e2f00000| PB 0x00000000e2f00000| Untracked 
|  48|0x00000000e3000000, 0x00000000e3000000, 0x00000000e3100000|  0%| F|  |TAMS 0x00000000e3000000| PB 0x00000000e3000000| Untracked 
|  49|0x00000000e3100000, 0x00000000e3100000, 0x00000000e3200000|  0%| F|  |TAMS 0x00000000e3100000| PB 0x00000000e3100000| Untracked 
|  50|0x00000000e3200000, 0x00000000e3200000, 0x00000000e3300000|  0%| F|  |TAMS 0x00000000e3200000| PB 0x00000000e3200000| Untracked 
|  51|0x00000000e3300000, 0x00000000e3300000, 0x00000000e3400000|  0%| F|  |TAMS 0x00000000e3300000| PB 0x00000000e3300000| Untracked 
|  52|0x00000000e3400000, 0x00000000e3400000, 0x00000000e3500000|  0%| F|  |TAMS 0x00000000e3400000| PB 0x00000000e3400000| Untracked 
|  53|0x00000000e3500000, 0x00000000e3500000, 0x00000000e3600000|  0%| F|  |TAMS 0x00000000e3500000| PB 0x00000000e3500000| Untracked 
|  54|0x00000000e3600000, 0x00000000e3600000, 0x00000000e3700000|  0%| F|  |TAMS 0x00000000e3600000| PB 0x00000000e3600000| Untracked 
|  55|0x00000000e3700000, 0x00000000e3700000, 0x00000000e3800000|  0%| F|  |TAMS 0x00000000e3700000| PB 0x00000000e3700000| Untracked 
|  56|0x00000000e3800000, 0x00000000e3800000, 0x00000000e3900000|  0%| F|  |TAMS 0x00000000e3800000| PB 0x00000000e3800000| Untracked 
|  57|0x00000000e3900000, 0x00000000e3900000, 0x00000000e3a00000|  0%| F|  |TAMS 0x00000000e3900000| PB 0x00000000e3900000| Untracked 
|  58|0x00000000e3a00000, 0x00000000e3a00000, 0x00000000e3b00000|  0%| F|  |TAMS 0x00000000e3a00000| PB 0x00000000e3a00000| Untracked 
|  59|0x00000000e3b00000, 0x00000000e3b00000, 0x00000000e3c00000|  0%| F|  |TAMS 0x00000000e3b00000| PB 0x00000000e3b00000| Untracked 
|  60|0x00000000e3c00000, 0x00000000e3c00000, 0x00000000e3d00000|  0%| F|  |TAMS 0x00000000e3c00000| PB 0x00000000e3c00000| Untracked 
|  61|0x00000000e3d00000, 0x00000000e3d00000, 0x00000000e3e00000|  0%| F|  |TAMS 0x00000000e3d00000| PB 0x00000000e3d00000| Untracked 
|  62|0x00000000e3e00000, 0x00000000e3e00000, 0x00000000e3f00000|  0%| F|  |TAMS 0x00000000e3e00000| PB 0x00000000e3e00000| Untracked 
|  63|0x00000000e3f00000, 0x00000000e3f00000, 0x00000000e4000000|  0%| F|  |TAMS 0x00000000e3f00000| PB 0x00000000e3f00000| Untracked 
|  64|0x00000000e4000000, 0x00000000e4000000, 0x00000000e4100000|  0%| F|  |TAMS 0x00000000e4000000| PB 0x00000000e4000000| Untracked 
|  65|0x00000000e4100000, 0x00000000e4100000, 0x00000000e4200000|  0%| F|  |TAMS 0x00000000e4100000| PB 0x00000000e4100000| Untracked 
|  66|0x00000000e4200000, 0x00000000e4200000, 0x00000000e4300000|  0%| F|  |TAMS 0x00000000e4200000| PB 0x00000000e4200000| Untracked 
|  67|0x00000000e4300000, 0x00000000e4300000, 0x00000000e4400000|  0%| F|  |TAMS 0x00000000e4300000| PB 0x00000000e4300000| Untracked 
|  68|0x00000000e4400000, 0x00000000e4400000, 0x00000000e4500000|  0%| F|  |TAMS 0x00000000e4400000| PB 0x00000000e4400000| Untracked 
|  69|0x00000000e4500000, 0x00000000e4500000, 0x00000000e4600000|  0%| F|  |TAMS 0x00000000e4500000| PB 0x00000000e4500000| Untracked 
|  70|0x00000000e4600000, 0x00000000e4600000, 0x00000000e4700000|  0%| F|  |TAMS 0x00000000e4600000| PB 0x00000000e4600000| Untracked 
|  71|0x00000000e4700000, 0x00000000e4700000, 0x00000000e4800000|  0%| F|  |TAMS 0x00000000e4700000| PB 0x00000000e4700000| Untracked 
|  72|0x00000000e4800000, 0x00000000e4800000, 0x00000000e4900000|  0%| F|  |TAMS 0x00000000e4800000| PB 0x00000000e4800000| Untracked 
|  73|0x00000000e4900000, 0x00000000e4900000, 0x00000000e4a00000|  0%| F|  |TAMS 0x00000000e4900000| PB 0x00000000e4900000| Untracked 
|  74|0x00000000e4a00000, 0x00000000e4a00000, 0x00000000e4b00000|  0%| F|  |TAMS 0x00000000e4a00000| PB 0x00000000e4a00000| Untracked 
|  75|0x00000000e4b00000, 0x00000000e4b00000, 0x00000000e4c00000|  0%| F|  |TAMS 0x00000000e4b00000| PB 0x00000000e4b00000| Untracked 
|  76|0x00000000e4c00000, 0x00000000e4c00000, 0x00000000e4d00000|  0%| F|  |TAMS 0x00000000e4c00000| PB 0x00000000e4c00000| Untracked 
|  77|0x00000000e4d00000, 0x00000000e4d00000, 0x00000000e4e00000|  0%| F|  |TAMS 0x00000000e4d00000| PB 0x00000000e4d00000| Untracked 
|  78|0x00000000e4e00000, 0x00000000e4e00000, 0x00000000e4f00000|  0%| F|  |TAMS 0x00000000e4e00000| PB 0x00000000e4e00000| Untracked 
|  79|0x00000000e4f00000, 0x00000000e4f00000, 0x00000000e5000000|  0%| F|  |TAMS 0x00000000e4f00000| PB 0x00000000e4f00000| Untracked 
|  80|0x00000000e5000000, 0x00000000e5000000, 0x00000000e5100000|  0%| F|  |TAMS 0x00000000e5000000| PB 0x00000000e5000000| Untracked 
|  81|0x00000000e5100000, 0x00000000e5100000, 0x00000000e5200000|  0%| F|  |TAMS 0x00000000e5100000| PB 0x00000000e5100000| Untracked 
|  82|0x00000000e5200000, 0x00000000e5200000, 0x00000000e5300000|  0%| F|  |TAMS 0x00000000e5200000| PB 0x00000000e5200000| Untracked 
|  83|0x00000000e5300000, 0x00000000e5300000, 0x00000000e5400000|  0%| F|  |TAMS 0x00000000e5300000| PB 0x00000000e5300000| Untracked 
|  84|0x00000000e5400000, 0x00000000e5400000, 0x00000000e5500000|  0%| F|  |TAMS 0x00000000e5400000| PB 0x00000000e5400000| Untracked 
|  85|0x00000000e5500000, 0x00000000e5500000, 0x00000000e5600000|  0%| F|  |TAMS 0x00000000e5500000| PB 0x00000000e5500000| Untracked 
|  86|0x00000000e5600000, 0x00000000e5600000, 0x00000000e5700000|  0%| F|  |TAMS 0x00000000e5600000| PB 0x00000000e5600000| Untracked 
|  87|0x00000000e5700000, 0x00000000e5700000, 0x00000000e5800000|  0%| F|  |TAMS 0x00000000e5700000| PB 0x00000000e5700000| Untracked 
|  88|0x00000000e5800000, 0x00000000e5800000, 0x00000000e5900000|  0%| F|  |TAMS 0x00000000e5800000| PB 0x00000000e5800000| Untracked 
|  89|0x00000000e5900000, 0x00000000e5900000, 0x00000000e5a00000|  0%| F|  |TAMS 0x00000000e5900000| PB 0x00000000e5900000| Untracked 
|  90|0x00000000e5a00000, 0x00000000e5a00000, 0x00000000e5b00000|  0%| F|  |TAMS 0x00000000e5a00000| PB 0x00000000e5a00000| Untracked 
|  91|0x00000000e5b00000, 0x00000000e5b00000, 0x00000000e5c00000|  0%| F|  |TAMS 0x00000000e5b00000| PB 0x00000000e5b00000| Untracked 
|  92|0x00000000e5c00000, 0x00000000e5c00000, 0x00000000e5d00000|  0%| F|  |TAMS 0x00000000e5c00000| PB 0x00000000e5c00000| Untracked 
|  93|0x00000000e5d00000, 0x00000000e5d00000, 0x00000000e5e00000|  0%| F|  |TAMS 0x00000000e5d00000| PB 0x00000000e5d00000| Untracked 
|  94|0x00000000e5e00000, 0x00000000e5e00000, 0x00000000e5f00000|  0%| F|  |TAMS 0x00000000e5e00000| PB 0x00000000e5e00000| Untracked 
|  95|0x00000000e5f00000, 0x00000000e5f00000, 0x00000000e6000000|  0%| F|  |TAMS 0x00000000e5f00000| PB 0x00000000e5f00000| Untracked 
|  96|0x00000000e6000000, 0x00000000e6000000, 0x00000000e6100000|  0%| F|  |TAMS 0x00000000e6000000| PB 0x00000000e6000000| Untracked 
|  97|0x00000000e6100000, 0x00000000e6100000, 0x00000000e6200000|  0%| F|  |TAMS 0x00000000e6100000| PB 0x00000000e6100000| Untracked 
|  98|0x00000000e6200000, 0x00000000e6200000, 0x00000000e6300000|  0%| F|  |TAMS 0x00000000e6200000| PB 0x00000000e6200000| Untracked 
|  99|0x00000000e6300000, 0x00000000e6300000, 0x00000000e6400000|  0%| F|  |TAMS 0x00000000e6300000| PB 0x00000000e6300000| Untracked 
| 100|0x00000000e6400000, 0x00000000e6400000, 0x00000000e6500000|  0%| F|  |TAMS 0x00000000e6400000| PB 0x00000000e6400000| Untracked 
| 101|0x00000000e6500000, 0x00000000e6500000, 0x00000000e6600000|  0%| F|  |TAMS 0x00000000e6500000| PB 0x00000000e6500000| Untracked 
| 102|0x00000000e6600000, 0x00000000e6600000, 0x00000000e6700000|  0%| F|  |TAMS 0x00000000e6600000| PB 0x00000000e6600000| Untracked 
| 103|0x00000000e6700000, 0x00000000e6700000, 0x00000000e6800000|  0%| F|  |TAMS 0x00000000e6700000| PB 0x00000000e6700000| Untracked 
| 104|0x00000000e6800000, 0x00000000e6800000, 0x00000000e6900000|  0%| F|  |TAMS 0x00000000e6800000| PB 0x00000000e6800000| Untracked 
| 105|0x00000000e6900000, 0x00000000e6900000, 0x00000000e6a00000|  0%| F|  |TAMS 0x00000000e6900000| PB 0x00000000e6900000| Untracked 
| 106|0x00000000e6a00000, 0x00000000e6a00000, 0x00000000e6b00000|  0%| F|  |TAMS 0x00000000e6a00000| PB 0x00000000e6a00000| Untracked 
| 107|0x00000000e6b00000, 0x00000000e6b00000, 0x00000000e6c00000|  0%| F|  |TAMS 0x00000000e6b00000| PB 0x00000000e6b00000| Untracked 
| 108|0x00000000e6c00000, 0x00000000e6c00000, 0x00000000e6d00000|  0%| F|  |TAMS 0x00000000e6c00000| PB 0x00000000e6c00000| Untracked 
| 109|0x00000000e6d00000, 0x00000000e6d00000, 0x00000000e6e00000|  0%| F|  |TAMS 0x00000000e6d00000| PB 0x00000000e6d00000| Untracked 
| 110|0x00000000e6e00000, 0x00000000e6e00000, 0x00000000e6f00000|  0%| F|  |TAMS 0x00000000e6e00000| PB 0x00000000e6e00000| Untracked 
| 111|0x00000000e6f00000, 0x00000000e6f00000, 0x00000000e7000000|  0%| F|  |TAMS 0x00000000e6f00000| PB 0x00000000e6f00000| Untracked 
| 112|0x00000000e7000000, 0x00000000e7000000, 0x00000000e7100000|  0%| F|  |TAMS 0x00000000e7000000| PB 0x00000000e7000000| Untracked 
| 113|0x00000000e7100000, 0x00000000e7100000, 0x00000000e7200000|  0%| F|  |TAMS 0x00000000e7100000| PB 0x00000000e7100000| Untracked 
| 114|0x00000000e7200000, 0x00000000e7200000, 0x00000000e7300000|  0%| F|  |TAMS 0x00000000e7200000| PB 0x00000000e7200000| Untracked 
| 115|0x00000000e7300000, 0x00000000e7300000, 0x00000000e7400000|  0%| F|  |TAMS 0x00000000e7300000| PB 0x00000000e7300000| Untracked 
| 116|0x00000000e7400000, 0x00000000e7400000, 0x00000000e7500000|  0%| F|  |TAMS 0x00000000e7400000| PB 0x00000000e7400000| Untracked 
| 117|0x00000000e7500000, 0x00000000e7500000, 0x00000000e7600000|  0%| F|  |TAMS 0x00000000e7500000| PB 0x00000000e7500000| Untracked 
| 118|0x00000000e7600000, 0x00000000e7600000, 0x00000000e7700000|  0%| F|  |TAMS 0x00000000e7600000| PB 0x00000000e7600000| Untracked 
| 119|0x00000000e7700000, 0x00000000e7700000, 0x00000000e7800000|  0%| F|  |TAMS 0x00000000e7700000| PB 0x00000000e7700000| Untracked 
| 120|0x00000000e7800000, 0x00000000e7800000, 0x00000000e7900000|  0%| F|  |TAMS 0x00000000e7800000| PB 0x00000000e7800000| Untracked 
| 121|0x00000000e7900000, 0x00000000e7900000, 0x00000000e7a00000|  0%| F|  |TAMS 0x00000000e7900000| PB 0x00000000e7900000| Untracked 
| 122|0x00000000e7a00000, 0x00000000e7a00000, 0x00000000e7b00000|  0%| F|  |TAMS 0x00000000e7a00000| PB 0x00000000e7a00000| Untracked 
| 123|0x00000000e7b00000, 0x00000000e7b00000, 0x00000000e7c00000|  0%| F|  |TAMS 0x00000000e7b00000| PB 0x00000000e7b00000| Untracked 
| 124|0x00000000e7c00000, 0x00000000e7c00000, 0x00000000e7d00000|  0%| F|  |TAMS 0x00000000e7c00000| PB 0x00000000e7c00000| Untracked 
| 125|0x00000000e7d00000, 0x00000000e7d00000, 0x00000000e7e00000|  0%| F|  |TAMS 0x00000000e7d00000| PB 0x00000000e7d00000| Untracked 
| 126|0x00000000e7e00000, 0x00000000e7e00000, 0x00000000e7f00000|  0%| F|  |TAMS 0x00000000e7e00000| PB 0x00000000e7e00000| Untracked 
| 127|0x00000000e7f00000, 0x00000000e7f00000, 0x00000000e8000000|  0%| F|  |TAMS 0x00000000e7f00000| PB 0x00000000e7f00000| Untracked 
| 128|0x00000000e8000000, 0x00000000e8000000, 0x00000000e8100000|  0%| F|  |TAMS 0x00000000e8000000| PB 0x00000000e8000000| Untracked 
| 129|0x00000000e8100000, 0x00000000e8100000, 0x00000000e8200000|  0%| F|  |TAMS 0x00000000e8100000| PB 0x00000000e8100000| Untracked 
| 130|0x00000000e8200000, 0x00000000e8200000, 0x00000000e8300000|  0%| F|  |TAMS 0x00000000e8200000| PB 0x00000000e8200000| Untracked 
| 131|0x00000000e8300000, 0x00000000e8300000, 0x00000000e8400000|  0%| F|  |TAMS 0x00000000e8300000| PB 0x00000000e8300000| Untracked 
| 132|0x00000000e8400000, 0x00000000e8400000, 0x00000000e8500000|  0%| F|  |TAMS 0x00000000e8400000| PB 0x00000000e8400000| Untracked 
| 133|0x00000000e8500000, 0x00000000e8500000, 0x00000000e8600000|  0%| F|  |TAMS 0x00000000e8500000| PB 0x00000000e8500000| Untracked 
| 134|0x00000000e8600000, 0x00000000e8600000, 0x00000000e8700000|  0%| F|  |TAMS 0x00000000e8600000| PB 0x00000000e8600000| Untracked 
| 135|0x00000000e8700000, 0x00000000e8700000, 0x00000000e8800000|  0%| F|  |TAMS 0x00000000e8700000| PB 0x00000000e8700000| Untracked 
| 136|0x00000000e8800000, 0x00000000e8800000, 0x00000000e8900000|  0%| F|  |TAMS 0x00000000e8800000| PB 0x00000000e8800000| Untracked 
| 137|0x00000000e8900000, 0x00000000e8900000, 0x00000000e8a00000|  0%| F|  |TAMS 0x00000000e8900000| PB 0x00000000e8900000| Untracked 
| 138|0x00000000e8a00000, 0x00000000e8a00000, 0x00000000e8b00000|  0%| F|  |TAMS 0x00000000e8a00000| PB 0x00000000e8a00000| Untracked 
| 139|0x00000000e8b00000, 0x00000000e8b00000, 0x00000000e8c00000|  0%| F|  |TAMS 0x00000000e8b00000| PB 0x00000000e8b00000| Untracked 
| 140|0x00000000e8c00000, 0x00000000e8c00000, 0x00000000e8d00000|  0%| F|  |TAMS 0x00000000e8c00000| PB 0x00000000e8c00000| Untracked 
| 141|0x00000000e8d00000, 0x00000000e8d00000, 0x00000000e8e00000|  0%| F|  |TAMS 0x00000000e8d00000| PB 0x00000000e8d00000| Untracked 
| 142|0x00000000e8e00000, 0x00000000e8e00000, 0x00000000e8f00000|  0%| F|  |TAMS 0x00000000e8e00000| PB 0x00000000e8e00000| Untracked 
| 143|0x00000000e8f00000, 0x00000000e8f00000, 0x00000000e9000000|  0%| F|  |TAMS 0x00000000e8f00000| PB 0x00000000e8f00000| Untracked 
| 144|0x00000000e9000000, 0x00000000e9000000, 0x00000000e9100000|  0%| F|  |TAMS 0x00000000e9000000| PB 0x00000000e9000000| Untracked 
| 145|0x00000000e9100000, 0x00000000e9100000, 0x00000000e9200000|  0%| F|  |TAMS 0x00000000e9100000| PB 0x00000000e9100000| Untracked 
| 146|0x00000000e9200000, 0x00000000e9200000, 0x00000000e9300000|  0%| F|  |TAMS 0x00000000e9200000| PB 0x00000000e9200000| Untracked 
| 147|0x00000000e9300000, 0x00000000e9300000, 0x00000000e9400000|  0%| F|  |TAMS 0x00000000e9300000| PB 0x00000000e9300000| Untracked 
| 148|0x00000000e9400000, 0x00000000e9400000, 0x00000000e9500000|  0%| F|  |TAMS 0x00000000e9400000| PB 0x00000000e9400000| Untracked 
| 149|0x00000000e9500000, 0x00000000e9500000, 0x00000000e9600000|  0%| F|  |TAMS 0x00000000e9500000| PB 0x00000000e9500000| Untracked 
| 150|0x00000000e9600000, 0x00000000e9600000, 0x00000000e9700000|  0%| F|  |TAMS 0x00000000e9600000| PB 0x00000000e9600000| Untracked 
| 151|0x00000000e9700000, 0x00000000e9700000, 0x00000000e9800000|  0%| F|  |TAMS 0x00000000e9700000| PB 0x00000000e9700000| Untracked 
| 152|0x00000000e9800000, 0x00000000e9800000, 0x00000000e9900000|  0%| F|  |TAMS 0x00000000e9800000| PB 0x00000000e9800000| Untracked 
| 153|0x00000000e9900000, 0x00000000e9900000, 0x00000000e9a00000|  0%| F|  |TAMS 0x00000000e9900000| PB 0x00000000e9900000| Untracked 
| 154|0x00000000e9a00000, 0x00000000e9a00000, 0x00000000e9b00000|  0%| F|  |TAMS 0x00000000e9a00000| PB 0x00000000e9a00000| Untracked 
| 155|0x00000000e9b00000, 0x00000000e9b00000, 0x00000000e9c00000|  0%| F|  |TAMS 0x00000000e9b00000| PB 0x00000000e9b00000| Untracked 
| 156|0x00000000e9c00000, 0x00000000e9c00000, 0x00000000e9d00000|  0%| F|  |TAMS 0x00000000e9c00000| PB 0x00000000e9c00000| Untracked 
| 157|0x00000000e9d00000, 0x00000000e9d00000, 0x00000000e9e00000|  0%| F|  |TAMS 0x00000000e9d00000| PB 0x00000000e9d00000| Untracked 
| 158|0x00000000e9e00000, 0x00000000e9e00000, 0x00000000e9f00000|  0%| F|  |TAMS 0x00000000e9e00000| PB 0x00000000e9e00000| Untracked 
| 159|0x00000000e9f00000, 0x00000000e9f00000, 0x00000000ea000000|  0%| F|  |TAMS 0x00000000e9f00000| PB 0x00000000e9f00000| Untracked 
| 160|0x00000000ea000000, 0x00000000ea000000, 0x00000000ea100000|  0%| F|  |TAMS 0x00000000ea000000| PB 0x00000000ea000000| Untracked 
| 161|0x00000000ea100000, 0x00000000ea100000, 0x00000000ea200000|  0%| F|  |TAMS 0x00000000ea100000| PB 0x00000000ea100000| Untracked 
| 162|0x00000000ea200000, 0x00000000ea200000, 0x00000000ea300000|  0%| F|  |TAMS 0x00000000ea200000| PB 0x00000000ea200000| Untracked 
| 163|0x00000000ea300000, 0x00000000ea300000, 0x00000000ea400000|  0%| F|  |TAMS 0x00000000ea300000| PB 0x00000000ea300000| Untracked 
| 164|0x00000000ea400000, 0x00000000ea400000, 0x00000000ea500000|  0%| F|  |TAMS 0x00000000ea400000| PB 0x00000000ea400000| Untracked 
| 165|0x00000000ea500000, 0x00000000ea500000, 0x00000000ea600000|  0%| F|  |TAMS 0x00000000ea500000| PB 0x00000000ea500000| Untracked 
| 166|0x00000000ea600000, 0x00000000ea600000, 0x00000000ea700000|  0%| F|  |TAMS 0x00000000ea600000| PB 0x00000000ea600000| Untracked 
| 167|0x00000000ea700000, 0x00000000ea700000, 0x00000000ea800000|  0%| F|  |TAMS 0x00000000ea700000| PB 0x00000000ea700000| Untracked 
| 168|0x00000000ea800000, 0x00000000ea800000, 0x00000000ea900000|  0%| F|  |TAMS 0x00000000ea800000| PB 0x00000000ea800000| Untracked 
| 169|0x00000000ea900000, 0x00000000ea900000, 0x00000000eaa00000|  0%| F|  |TAMS 0x00000000ea900000| PB 0x00000000ea900000| Untracked 
| 170|0x00000000eaa00000, 0x00000000eaa00000, 0x00000000eab00000|  0%| F|  |TAMS 0x00000000eaa00000| PB 0x00000000eaa00000| Untracked 
| 171|0x00000000eab00000, 0x00000000eab00000, 0x00000000eac00000|  0%| F|  |TAMS 0x00000000eab00000| PB 0x00000000eab00000| Untracked 
| 172|0x00000000eac00000, 0x00000000eac00000, 0x00000000ead00000|  0%| F|  |TAMS 0x00000000eac00000| PB 0x00000000eac00000| Untracked 
| 173|0x00000000ead00000, 0x00000000ead00000, 0x00000000eae00000|  0%| F|  |TAMS 0x00000000ead00000| PB 0x00000000ead00000| Untracked 
| 174|0x00000000eae00000, 0x00000000eae00000, 0x00000000eaf00000|  0%| F|  |TAMS 0x00000000eae00000| PB 0x00000000eae00000| Untracked 
| 175|0x00000000eaf00000, 0x00000000eaf00000, 0x00000000eb000000|  0%| F|  |TAMS 0x00000000eaf00000| PB 0x00000000eaf00000| Untracked 
| 176|0x00000000eb000000, 0x00000000eb000000, 0x00000000eb100000|  0%| F|  |TAMS 0x00000000eb000000| PB 0x00000000eb000000| Untracked 
| 177|0x00000000eb100000, 0x00000000eb100000, 0x00000000eb200000|  0%| F|  |TAMS 0x00000000eb100000| PB 0x00000000eb100000| Untracked 
| 178|0x00000000eb200000, 0x00000000eb200000, 0x00000000eb300000|  0%| F|  |TAMS 0x00000000eb200000| PB 0x00000000eb200000| Untracked 
| 179|0x00000000eb300000, 0x00000000eb300000, 0x00000000eb400000|  0%| F|  |TAMS 0x00000000eb300000| PB 0x00000000eb300000| Untracked 
| 180|0x00000000eb400000, 0x00000000eb400000, 0x00000000eb500000|  0%| F|  |TAMS 0x00000000eb400000| PB 0x00000000eb400000| Untracked 
| 181|0x00000000eb500000, 0x00000000eb500000, 0x00000000eb600000|  0%| F|  |TAMS 0x00000000eb500000| PB 0x00000000eb500000| Untracked 
| 182|0x00000000eb600000, 0x00000000eb600000, 0x00000000eb700000|  0%| F|  |TAMS 0x00000000eb600000| PB 0x00000000eb600000| Untracked 
| 183|0x00000000eb700000, 0x00000000eb700000, 0x00000000eb800000|  0%| F|  |TAMS 0x00000000eb700000| PB 0x00000000eb700000| Untracked 
| 184|0x00000000eb800000, 0x00000000eb800000, 0x00000000eb900000|  0%| F|  |TAMS 0x00000000eb800000| PB 0x00000000eb800000| Untracked 
| 185|0x00000000eb900000, 0x00000000eb900000, 0x00000000eba00000|  0%| F|  |TAMS 0x00000000eb900000| PB 0x00000000eb900000| Untracked 
| 186|0x00000000eba00000, 0x00000000eba00000, 0x00000000ebb00000|  0%| F|  |TAMS 0x00000000eba00000| PB 0x00000000eba00000| Untracked 
| 187|0x00000000ebb00000, 0x00000000ebb00000, 0x00000000ebc00000|  0%| F|  |TAMS 0x00000000ebb00000| PB 0x00000000ebb00000| Untracked 
| 188|0x00000000ebc00000, 0x00000000ebc00000, 0x00000000ebd00000|  0%| F|  |TAMS 0x00000000ebc00000| PB 0x00000000ebc00000| Untracked 
| 189|0x00000000ebd00000, 0x00000000ebd00000, 0x00000000ebe00000|  0%| F|  |TAMS 0x00000000ebd00000| PB 0x00000000ebd00000| Untracked 
| 190|0x00000000ebe00000, 0x00000000ebe00000, 0x00000000ebf00000|  0%| F|  |TAMS 0x00000000ebe00000| PB 0x00000000ebe00000| Untracked 
| 191|0x00000000ebf00000, 0x00000000ebf00000, 0x00000000ec000000|  0%| F|  |TAMS 0x00000000ebf00000| PB 0x00000000ebf00000| Untracked 
| 192|0x00000000ec000000, 0x00000000ec000000, 0x00000000ec100000|  0%| F|  |TAMS 0x00000000ec000000| PB 0x00000000ec000000| Untracked 
| 193|0x00000000ec100000, 0x00000000ec100000, 0x00000000ec200000|  0%| F|  |TAMS 0x00000000ec100000| PB 0x00000000ec100000| Untracked 
| 194|0x00000000ec200000, 0x00000000ec200000, 0x00000000ec300000|  0%| F|  |TAMS 0x00000000ec200000| PB 0x00000000ec200000| Untracked 
| 195|0x00000000ec300000, 0x00000000ec300000, 0x00000000ec400000|  0%| F|  |TAMS 0x00000000ec300000| PB 0x00000000ec300000| Untracked 
| 196|0x00000000ec400000, 0x00000000ec400000, 0x00000000ec500000|  0%| F|  |TAMS 0x00000000ec400000| PB 0x00000000ec400000| Untracked 
| 197|0x00000000ec500000, 0x00000000ec500000, 0x00000000ec600000|  0%| F|  |TAMS 0x00000000ec500000| PB 0x00000000ec500000| Untracked 
| 198|0x00000000ec600000, 0x00000000ec600000, 0x00000000ec700000|  0%| F|  |TAMS 0x00000000ec600000| PB 0x00000000ec600000| Untracked 
| 199|0x00000000ec700000, 0x00000000ec700000, 0x00000000ec800000|  0%| F|  |TAMS 0x00000000ec700000| PB 0x00000000ec700000| Untracked 
| 200|0x00000000ec800000, 0x00000000ec900000, 0x00000000ec900000|100%| S|CS|TAMS 0x00000000ec800000| PB 0x00000000ec800000| Complete 
| 201|0x00000000ec900000, 0x00000000eca00000, 0x00000000eca00000|100%| S|CS|TAMS 0x00000000ec900000| PB 0x00000000ec900000| Complete 
| 202|0x00000000eca00000, 0x00000000ecb00000, 0x00000000ecb00000|100%| S|CS|TAMS 0x00000000eca00000| PB 0x00000000eca00000| Complete 
| 203|0x00000000ecb00000, 0x00000000ecc00000, 0x00000000ecc00000|100%| S|CS|TAMS 0x00000000ecb00000| PB 0x00000000ecb00000| Complete 
| 204|0x00000000ecc00000, 0x00000000ecd00000, 0x00000000ecd00000|100%| S|CS|TAMS 0x00000000ecc00000| PB 0x00000000ecc00000| Complete 
| 205|0x00000000ecd00000, 0x00000000ece00000, 0x00000000ece00000|100%| S|CS|TAMS 0x00000000ecd00000| PB 0x00000000ecd00000| Complete 
| 206|0x00000000ece00000, 0x00000000ecf00000, 0x00000000ecf00000|100%| S|CS|TAMS 0x00000000ece00000| PB 0x00000000ece00000| Complete 
| 207|0x00000000ecf00000, 0x00000000ecf00000, 0x00000000ed000000|  0%| F|  |TAMS 0x00000000ecf00000| PB 0x00000000ecf00000| Untracked 
| 208|0x00000000ed000000, 0x00000000ed000000, 0x00000000ed100000|  0%| F|  |TAMS 0x00000000ed000000| PB 0x00000000ed000000| Untracked 
| 209|0x00000000ed100000, 0x00000000ed100000, 0x00000000ed200000|  0%| F|  |TAMS 0x00000000ed100000| PB 0x00000000ed100000| Untracked 
| 210|0x00000000ed200000, 0x00000000ed300000, 0x00000000ed300000|100%| E|  |TAMS 0x00000000ed200000| PB 0x00000000ed200000| Complete 
| 211|0x00000000ed300000, 0x00000000ed400000, 0x00000000ed400000|100%| E|CS|TAMS 0x00000000ed300000| PB 0x00000000ed300000| Complete 
| 212|0x00000000ed400000, 0x00000000ed500000, 0x00000000ed500000|100%| E|CS|TAMS 0x00000000ed400000| PB 0x00000000ed400000| Complete 
| 213|0x00000000ed500000, 0x00000000ed600000, 0x00000000ed600000|100%| E|CS|TAMS 0x00000000ed500000| PB 0x00000000ed500000| Complete 
| 214|0x00000000ed600000, 0x00000000ed700000, 0x00000000ed700000|100%| E|CS|TAMS 0x00000000ed600000| PB 0x00000000ed600000| Complete 
| 215|0x00000000ed700000, 0x00000000ed800000, 0x00000000ed800000|100%| E|CS|TAMS 0x00000000ed700000| PB 0x00000000ed700000| Complete 
| 216|0x00000000ed800000, 0x00000000ed900000, 0x00000000ed900000|100%| E|CS|TAMS 0x00000000ed800000| PB 0x00000000ed800000| Complete 
| 217|0x00000000ed900000, 0x00000000eda00000, 0x00000000eda00000|100%| E|CS|TAMS 0x00000000ed900000| PB 0x00000000ed900000| Complete 
| 218|0x00000000eda00000, 0x00000000edb00000, 0x00000000edb00000|100%| E|CS|TAMS 0x00000000eda00000| PB 0x00000000eda00000| Complete 
| 219|0x00000000edb00000, 0x00000000edc00000, 0x00000000edc00000|100%| E|CS|TAMS 0x00000000edb00000| PB 0x00000000edb00000| Complete 
| 220|0x00000000edc00000, 0x00000000edd00000, 0x00000000edd00000|100%| E|CS|TAMS 0x00000000edc00000| PB 0x00000000edc00000| Complete 
| 221|0x00000000edd00000, 0x00000000ede00000, 0x00000000ede00000|100%| E|CS|TAMS 0x00000000edd00000| PB 0x00000000edd00000| Complete 
| 222|0x00000000ede00000, 0x00000000edf00000, 0x00000000edf00000|100%| E|CS|TAMS 0x00000000ede00000| PB 0x00000000ede00000| Complete 
| 223|0x00000000edf00000, 0x00000000ee000000, 0x00000000ee000000|100%| E|CS|TAMS 0x00000000edf00000| PB 0x00000000edf00000| Complete 
| 224|0x00000000ee000000, 0x00000000ee100000, 0x00000000ee100000|100%| E|CS|TAMS 0x00000000ee000000| PB 0x00000000ee000000| Complete 
| 225|0x00000000ee100000, 0x00000000ee200000, 0x00000000ee200000|100%| E|CS|TAMS 0x00000000ee100000| PB 0x00000000ee100000| Complete 
| 226|0x00000000ee200000, 0x00000000ee300000, 0x00000000ee300000|100%| E|CS|TAMS 0x00000000ee200000| PB 0x00000000ee200000| Complete 
| 227|0x00000000ee300000, 0x00000000ee400000, 0x00000000ee400000|100%| E|CS|TAMS 0x00000000ee300000| PB 0x00000000ee300000| Complete 
| 228|0x00000000ee400000, 0x00000000ee500000, 0x00000000ee500000|100%| E|CS|TAMS 0x00000000ee400000| PB 0x00000000ee400000| Complete 
| 229|0x00000000ee500000, 0x00000000ee600000, 0x00000000ee600000|100%| E|CS|TAMS 0x00000000ee500000| PB 0x00000000ee500000| Complete 
| 230|0x00000000ee600000, 0x00000000ee700000, 0x00000000ee700000|100%| E|CS|TAMS 0x00000000ee600000| PB 0x00000000ee600000| Complete 
| 231|0x00000000ee700000, 0x00000000ee800000, 0x00000000ee800000|100%| E|CS|TAMS 0x00000000ee700000| PB 0x00000000ee700000| Complete 
| 232|0x00000000ee800000, 0x00000000ee900000, 0x00000000ee900000|100%| E|CS|TAMS 0x00000000ee800000| PB 0x00000000ee800000| Complete 
| 233|0x00000000ee900000, 0x00000000eea00000, 0x00000000eea00000|100%| E|CS|TAMS 0x00000000ee900000| PB 0x00000000ee900000| Complete 
| 234|0x00000000eea00000, 0x00000000eeb00000, 0x00000000eeb00000|100%| E|CS|TAMS 0x00000000eea00000| PB 0x00000000eea00000| Complete 
| 235|0x00000000eeb00000, 0x00000000eec00000, 0x00000000eec00000|100%| E|CS|TAMS 0x00000000eeb00000| PB 0x00000000eeb00000| Complete 
| 236|0x00000000eec00000, 0x00000000eed00000, 0x00000000eed00000|100%| E|CS|TAMS 0x00000000eec00000| PB 0x00000000eec00000| Complete 
| 237|0x00000000eed00000, 0x00000000eee00000, 0x00000000eee00000|100%| E|CS|TAMS 0x00000000eed00000| PB 0x00000000eed00000| Complete 
| 238|0x00000000eee00000, 0x00000000eef00000, 0x00000000eef00000|100%| E|CS|TAMS 0x00000000eee00000| PB 0x00000000eee00000| Complete 
| 239|0x00000000eef00000, 0x00000000ef000000, 0x00000000ef000000|100%| E|CS|TAMS 0x00000000eef00000| PB 0x00000000eef00000| Complete 
| 240|0x00000000ef000000, 0x00000000ef100000, 0x00000000ef100000|100%| E|CS|TAMS 0x00000000ef000000| PB 0x00000000ef000000| Complete 
| 241|0x00000000ef100000, 0x00000000ef200000, 0x00000000ef200000|100%| E|CS|TAMS 0x00000000ef100000| PB 0x00000000ef100000| Complete 
| 242|0x00000000ef200000, 0x00000000ef300000, 0x00000000ef300000|100%| E|CS|TAMS 0x00000000ef200000| PB 0x00000000ef200000| Complete 
| 243|0x00000000ef300000, 0x00000000ef400000, 0x00000000ef400000|100%| E|CS|TAMS 0x00000000ef300000| PB 0x00000000ef300000| Complete 
| 244|0x00000000ef400000, 0x00000000ef500000, 0x00000000ef500000|100%| E|CS|TAMS 0x00000000ef400000| PB 0x00000000ef400000| Complete 
| 245|0x00000000ef500000, 0x00000000ef600000, 0x00000000ef600000|100%| E|CS|TAMS 0x00000000ef500000| PB 0x00000000ef500000| Complete 
| 246|0x00000000ef600000, 0x00000000ef700000, 0x00000000ef700000|100%| E|CS|TAMS 0x00000000ef600000| PB 0x00000000ef600000| Complete 
| 247|0x00000000ef700000, 0x00000000ef800000, 0x00000000ef800000|100%| E|CS|TAMS 0x00000000ef700000| PB 0x00000000ef700000| Complete 
| 248|0x00000000ef800000, 0x00000000ef900000, 0x00000000ef900000|100%| E|CS|TAMS 0x00000000ef800000| PB 0x00000000ef800000| Complete 
| 249|0x00000000ef900000, 0x00000000efa00000, 0x00000000efa00000|100%| E|CS|TAMS 0x00000000ef900000| PB 0x00000000ef900000| Complete 
| 250|0x00000000efa00000, 0x00000000efb00000, 0x00000000efb00000|100%| E|CS|TAMS 0x00000000efa00000| PB 0x00000000efa00000| Complete 
| 251|0x00000000efb00000, 0x00000000efc00000, 0x00000000efc00000|100%| E|CS|TAMS 0x00000000efb00000| PB 0x00000000efb00000| Complete 
| 252|0x00000000efc00000, 0x00000000efd00000, 0x00000000efd00000|100%| E|CS|TAMS 0x00000000efc00000| PB 0x00000000efc00000| Complete 
| 253|0x00000000efd00000, 0x00000000efe00000, 0x00000000efe00000|100%| E|CS|TAMS 0x00000000efd00000| PB 0x00000000efd00000| Complete 
| 254|0x00000000efe00000, 0x00000000eff00000, 0x00000000eff00000|100%| E|CS|TAMS 0x00000000efe00000| PB 0x00000000efe00000| Complete 
| 255|0x00000000eff00000, 0x00000000f0000000, 0x00000000f0000000|100%| E|CS|TAMS 0x00000000eff00000| PB 0x00000000eff00000| Complete 

Card table byte_map: [0x000002c7af690000,0x000002c7af790000] _byte_map_base: 0x000002c7aef90000

Marking Bits: (CMBitMap*) 0x000002c795f0ea60
 Bits: [0x000002c7af790000, 0x000002c7aff90000)

Polling page: 0x000002c795fb0000

Metaspace:

Usage:
  Non-class:     13.49 MB used.
      Class:      2.14 MB used.
       Both:     15.63 MB used.

Virtual space:
  Non-class space:       64.00 MB reserved,      13.75 MB ( 21%) committed,  1 nodes.
      Class space:      320.00 MB reserved,       2.38 MB ( <1%) committed,  1 nodes.
             Both:      384.00 MB reserved,      16.12 MB (  4%) committed. 

Chunk freelists:
   Non-Class:  1.89 MB
       Class:  13.67 MB
        Both:  15.56 MB

MaxMetaspaceSize: 384.00 MB
CompressedClassSpaceSize: 320.00 MB
Initial GC threshold: 21.00 MB
Current GC threshold: 21.00 MB
CDS: on
 - commit_granule_bytes: 65536.
 - commit_granule_words: 8192.
 - virtual_space_node_default_size: 8388608.
 - enlarge_chunks_in_place: 1.
 - use_allocation_guard: 0.


Internal statistics:

num_allocs_failed_limit: 0.
num_arena_births: 594.
num_arena_deaths: 0.
num_vsnodes_births: 2.
num_vsnodes_deaths: 0.
num_space_committed: 258.
num_space_uncommitted: 0.
num_chunks_returned_to_freelist: 0.
num_chunks_taken_from_freelist: 1139.
num_chunk_merges: 0.
num_chunk_splits: 737.
num_chunks_enlarged: 518.
num_inconsistent_stats: 0.

CodeHeap 'non-profiled nmethods': size=120000Kb used=1239Kb max_used=1239Kb free=118760Kb
 bounds [0x000002c7a7600000, 0x000002c7a7870000, 0x000002c7aeb30000]
CodeHeap 'profiled nmethods': size=120000Kb used=5490Kb max_used=5490Kb free=114509Kb
 bounds [0x000002c79fb30000, 0x000002c7a0090000, 0x000002c7a7060000]
CodeHeap 'non-nmethods': size=5760Kb used=1473Kb max_used=1494Kb free=4286Kb
 bounds [0x000002c7a7060000, 0x000002c7a72d0000, 0x000002c7a7600000]
 total_blobs=3255 nmethods=2700 adapters=459
 compilation: enabled
              stopped_count=0, restarted_count=0
 full_count=0

Compilation events (20 events):
Event: 3.746 Thread 0x000002c7b2a2b1d0 2676       3       org.gradle.internal.file.FilePathUtil::sizeOfCommonPrefix (10 bytes)
Event: 3.746 Thread 0x000002c7b2a2b1d0 nmethod 2676 0x000002c7a0077790 code [0x000002c7a0077940, 0x000002c7a0077a60]
Event: 3.746 Thread 0x000002c7b2a2b1d0 2677       3       jdk.internal.reflect.MagicAccessorImpl::<init> (5 bytes)
Event: 3.746 Thread 0x000002c7b2a2b1d0 nmethod 2677 0x000002c7a0077b10 code [0x000002c7a0077cc0, 0x000002c7a0077e28]
Event: 3.746 Thread 0x000002c7b2a2b1d0 2678       3       java.lang.invoke.BoundMethodHandle::speciesDataFor (32 bytes)
Event: 3.747 Thread 0x000002c7b2a2b1d0 nmethod 2678 0x000002c7a0077f10 code [0x000002c7a00780e0, 0x000002c7a0078470]
Event: 3.748 Thread 0x000002c7b2a2b1d0 2680       3       jdk.internal.reflect.MethodHandleAccessorFactory::ensureClassInitialized (18 bytes)
Event: 3.748 Thread 0x000002c7b2a2b1d0 nmethod 2680 0x000002c7a0078590 code [0x000002c7a00787a0, 0x000002c7a0078c18]
Event: 3.748 Thread 0x000002c7b2a2b1d0 2681       3       java.lang.reflect.Method::setMethodAccessor (20 bytes)
Event: 3.748 Thread 0x000002c7b2a2b1d0 nmethod 2681 0x000002c7a0078d90 code [0x000002c7a0078f60, 0x000002c7a0079230]
Event: 3.748 Thread 0x000002c7b2a2b1d0 2679       1       java.lang.reflect.Method::getMethodAccessor (5 bytes)
Event: 3.748 Thread 0x000002c7b2a2b1d0 nmethod 2679 0x000002c7a7735290 code [0x000002c7a7735420, 0x000002c7a77354e8]
Event: 3.749 Thread 0x000002c7b2a2b1d0 2682       3       java.lang.reflect.Method::isVarArgs (5 bytes)
Event: 3.749 Thread 0x000002c7b2a2b1d0 nmethod 2682 0x000002c7a0079310 code [0x000002c7a00794c0, 0x000002c7a00796a0]
Event: 3.749 Thread 0x000002c7b2a2b1d0 2683       3       jdk.internal.reflect.ReflectionFactory::useMethodHandleAccessor (18 bytes)
Event: 3.750 Thread 0x000002c7b2a2b1d0 nmethod 2683 0x000002c7a0079790 code [0x000002c7a0079940, 0x000002c7a0079ac0]
Event: 3.750 Thread 0x000002c7b2a2b1d0 2684       3       jdk.internal.reflect.MethodHandleAccessorFactory::useNativeAccessor (74 bytes)
Event: 3.750 Thread 0x000002c7b2a2b1d0 nmethod 2684 0x000002c7a0079b90 code [0x000002c7a0079de0, 0x000002c7a007a620]
Event: 3.752 Thread 0x000002c7b2a2b1d0 2686       3       sun.nio.fs.WindowsPathParser::normalize (233 bytes)
Event: 3.755 Thread 0x000002c7b2a2b1d0 nmethod 2686 0x000002c7a007a890 code [0x000002c7a007ae40, 0x000002c7a007da08]

GC Heap History (6 events):
Event: 0.659 GC heap before
{Heap before GC invocations=0 (full 0):
 garbage-first heap   total 262144K, used 22528K [0x00000000e0000000, 0x0000000100000000)
  region size 1024K, 23 young (23552K), 0 survivors (0K)
 Metaspace       used 1114K, committed 1216K, reserved 393216K
  class space    used 78K, committed 128K, reserved 327680K
}
Event: 0.665 GC heap after
{Heap after GC invocations=1 (full 0):
 garbage-first heap   total 262144K, used 4889K [0x00000000e0000000, 0x0000000100000000)
  region size 1024K, 3 young (3072K), 3 survivors (3072K)
 Metaspace       used 1114K, committed 1216K, reserved 393216K
  class space    used 78K, committed 128K, reserved 327680K
}
Event: 1.408 GC heap before
{Heap before GC invocations=1 (full 0):
 garbage-first heap   total 262144K, used 40729K [0x00000000e0000000, 0x0000000100000000)
  region size 1024K, 35 young (35840K), 3 survivors (3072K)
 Metaspace       used 4386K, committed 4608K, reserved 393216K
  class space    used 541K, committed 640K, reserved 327680K
}
Event: 1.412 GC heap after
{Heap after GC invocations=2 (full 0):
 garbage-first heap   total 262144K, used 12107K [0x00000000e0000000, 0x0000000100000000)
  region size 1024K, 4 young (4096K), 4 survivors (4096K)
 Metaspace       used 4386K, committed 4608K, reserved 393216K
  class space    used 541K, committed 640K, reserved 327680K
}
Event: 2.085 GC heap before
{Heap before GC invocations=2 (full 0):
 garbage-first heap   total 262144K, used 59211K [0x00000000e0000000, 0x0000000100000000)
  region size 1024K, 49 young (50176K), 4 survivors (4096K)
 Metaspace       used 6021K, committed 6272K, reserved 393216K
  class space    used 777K, committed 896K, reserved 327680K
}
Event: 2.091 GC heap after
{Heap after GC invocations=3 (full 0):
 garbage-first heap   total 262144K, used 18432K [0x00000000e0000000, 0x0000000100000000)
  region size 1024K, 7 young (7168K), 7 survivors (7168K)
 Metaspace       used 6021K, committed 6272K, reserved 393216K
  class space    used 777K, committed 896K, reserved 327680K
}

Dll operation events (15 events):
Event: 0.007 Loaded shared library C:\Program Files\Java\jdk-21\bin\java.dll
Event: 0.044 Loaded shared library C:\Program Files\Java\jdk-21\bin\jsvml.dll
Event: 0.081 Loaded shared library C:\Program Files\Java\jdk-21\bin\zip.dll
Event: 0.086 Loaded shared library C:\Program Files\Java\jdk-21\bin\instrument.dll
Event: 0.092 Loaded shared library C:\Program Files\Java\jdk-21\bin\net.dll
Event: 0.097 Loaded shared library C:\Program Files\Java\jdk-21\bin\nio.dll
Event: 0.100 Loaded shared library C:\Program Files\Java\jdk-21\bin\zip.dll
Event: 0.485 Loaded shared library C:\Program Files\Java\jdk-21\bin\jimage.dll
Event: 0.735 Loaded shared library C:\Program Files\Java\jdk-21\bin\verify.dll
Event: 0.873 Loaded shared library C:\Users\CeylanB\.gradle\native\c067742578af261105cb4f569cf0c3c89f3d7b1fecec35dd04571415982c5e48\windows-amd64\native-platform.dll
Event: 0.889 Loaded shared library C:\Users\CeylanB\.gradle\native\100fb08df4bc3b14c8652ba06237920a3bd2aa13389f12d3474272988ae205f9\windows-amd64\native-platform-file-events.dll
Event: 2.116 Loaded shared library C:\Program Files\Java\jdk-21\bin\management.dll
Event: 2.123 Loaded shared library C:\Program Files\Java\jdk-21\bin\management_ext.dll
Event: 2.409 Loaded shared library C:\Program Files\Java\jdk-21\bin\extnet.dll
Event: 2.785 Loaded shared library C:\Program Files\Java\jdk-21\bin\sunmscapi.dll

Deoptimization events (20 events):
Event: 3.436 Thread 0x000002c7cdb6abf0 Uncommon trap: trap_request=0xffffff45 fr.pc=0x000002c7a76865dc relative=0x000000000000029c
Event: 3.436 Thread 0x000002c7cdb6abf0 Uncommon trap: reason=unstable_if action=reinterpret pc=0x000002c7a76865dc method=java.util.concurrent.ConcurrentHashMap.get(Ljava/lang/Object;)Ljava/lang/Object; @ 76 c2
Event: 3.436 Thread 0x000002c7cdb6abf0 DEOPT PACKING pc=0x000002c7a76865dc sp=0x000000f79b7fbfc0
Event: 3.436 Thread 0x000002c7cdb6abf0 DEOPT UNPACKING pc=0x000002c7a70b46a2 sp=0x000000f79b7fbf28 mode 2
Event: 3.662 Thread 0x000002c7cdb6abf0 Uncommon trap: trap_request=0xffffffde fr.pc=0x000002c7a76c881c relative=0x000000000000033c
Event: 3.662 Thread 0x000002c7cdb6abf0 Uncommon trap: reason=class_check action=maybe_recompile pc=0x000002c7a76c881c method=java.util.regex.Pattern$BmpCharPropertyGreedy.match(Ljava/util/regex/Matcher;ILjava/lang/CharSequence;)Z @ 26 c2
Event: 3.662 Thread 0x000002c7cdb6abf0 DEOPT PACKING pc=0x000002c7a76c881c sp=0x000000f79b7fc570
Event: 3.662 Thread 0x000002c7cdb6abf0 DEOPT UNPACKING pc=0x000002c7a70b46a2 sp=0x000000f79b7fc528 mode 2
Event: 3.662 Thread 0x000002c7cdb6abf0 Uncommon trap: trap_request=0xffffffde fr.pc=0x000002c7a76c881c relative=0x000000000000033c
Event: 3.662 Thread 0x000002c7cdb6abf0 Uncommon trap: reason=class_check action=maybe_recompile pc=0x000002c7a76c881c method=java.util.regex.Pattern$BmpCharPropertyGreedy.match(Ljava/util/regex/Matcher;ILjava/lang/CharSequence;)Z @ 26 c2
Event: 3.662 Thread 0x000002c7cdb6abf0 DEOPT PACKING pc=0x000002c7a76c881c sp=0x000000f79b7fc4e0
Event: 3.662 Thread 0x000002c7cdb6abf0 DEOPT UNPACKING pc=0x000002c7a70b46a2 sp=0x000000f79b7fc498 mode 2
Event: 3.752 Thread 0x000002c7cdb6abf0 Uncommon trap: trap_request=0xffffff45 fr.pc=0x000002c7a7623d9c relative=0x0000000000000d9c
Event: 3.752 Thread 0x000002c7cdb6abf0 Uncommon trap: reason=unstable_if action=reinterpret pc=0x000002c7a7623d9c method=java.io.WinNTFileSystem.resolve(Ljava/lang/String;Ljava/lang/String;)Ljava/lang/String; @ 19 c2
Event: 3.752 Thread 0x000002c7cdb6abf0 DEOPT PACKING pc=0x000002c7a7623d9c sp=0x000000f79b7fb9a0
Event: 3.752 Thread 0x000002c7cdb6abf0 DEOPT UNPACKING pc=0x000002c7a70b46a2 sp=0x000000f79b7fb938 mode 2
Event: 3.754 Thread 0x000002c7cdb6abf0 Uncommon trap: trap_request=0xffffff45 fr.pc=0x000002c7a7685cc4 relative=0x0000000000000664
Event: 3.754 Thread 0x000002c7cdb6abf0 Uncommon trap: reason=unstable_if action=reinterpret pc=0x000002c7a7685cc4 method=java.io.File.getName()Ljava/lang/String; @ 16 c2
Event: 3.754 Thread 0x000002c7cdb6abf0 DEOPT PACKING pc=0x000002c7a7685cc4 sp=0x000000f79b7fb960
Event: 3.754 Thread 0x000002c7cdb6abf0 DEOPT UNPACKING pc=0x000002c7a70b46a2 sp=0x000000f79b7fb930 mode 2

Classes loaded (20 events):
Event: 3.679 Loading class java/util/concurrent/locks/ReentrantLock$FairSync
Event: 3.679 Loading class java/util/concurrent/locks/ReentrantLock$FairSync done
Event: 3.684 Loading class sun/misc/Unsafe
Event: 3.684 Loading class sun/misc/Unsafe done
Event: 3.690 Loading class java/net/DatagramPacket
Event: 3.690 Loading class java/net/DatagramPacket done
Event: 3.691 Loading class sun/nio/ch/DatagramChannelImpl$DatagramPackets
Event: 3.691 Loading class sun/nio/ch/DatagramChannelImpl$DatagramPackets done
Event: 3.723 Loading class sun/security/provider/MD5
Event: 3.723 Loading class sun/security/provider/MD5 done
Event: 3.723 Loading class sun/security/provider/SHA5$SHA512
Event: 3.724 Loading class sun/security/provider/SHA5
Event: 3.724 Loading class sun/security/provider/SHA5 done
Event: 3.724 Loading class sun/security/provider/SHA5$SHA512 done
Event: 3.725 Loading class sun/security/provider/ByteArrayAccess$LE
Event: 3.725 Loading class sun/security/provider/ByteArrayAccess$LE done
Event: 3.753 Loading class java/io/File$TempDirectory
Event: 3.753 Loading class java/io/File$TempDirectory done
Event: 3.759 Loading class java/io/PrintWriter
Event: 3.759 Loading class java/io/PrintWriter done

Classes unloaded (0 events):
No events

Classes redefined (0 events):
No events

Internal exceptions (20 events):
Event: 2.389 Thread 0x000002c795ee19e0 Exception <a 'java/lang/NoSuchMethodError'{0x00000000ef6184f8}: 'java.lang.Object java.lang.invoke.DirectMethodHandle$Holder.invokeStaticInit(java.lang.Object, java.lang.Object, int, int, int, int)'> (0x00000000ef6184f8) 
thrown [s\open\src\hotspot\share\interpreter\linkResolver.cpp, line 773]
Event: 2.461 Thread 0x000002c795ee19e0 Exception <a 'java/lang/NoSuchMethodError'{0x00000000ef550eb0}: 'java.lang.Object java.lang.invoke.DirectMethodHandle$Holder.invokeStaticInit(java.lang.Object, int)'> (0x00000000ef550eb0) 
thrown [s\open\src\hotspot\share\interpreter\linkResolver.cpp, line 773]
Event: 2.513 Thread 0x000002c795ee19e0 Exception <a 'java/io/IOException'{0x00000000ef356eb8}> (0x00000000ef356eb8) 
thrown [s\open\src\hotspot\share\prims\jni.cpp, line 520]
Event: 2.516 Thread 0x000002c795ee19e0 Implicit null exception at 0x000002c7a764a624 to 0x000002c7a764acc0
Event: 2.520 Thread 0x000002c795ee19e0 Exception <a 'java/lang/NoSuchMethodError'{0x00000000ef3b8590}: 'java.lang.Object java.lang.invoke.DirectMethodHandle$Holder.newInvokeSpecial(java.lang.Object, java.lang.Object, java.lang.Object, java.lang.Object, java.lang.Object)'> (0x00000000ef3b8590) 
thrown [s\open\src\hotspot\share\interpreter\linkResolver.cpp, line 773]
Event: 3.241 Thread 0x000002c7b2c5d7c0 Exception <a 'java/lang/NoSuchMethodError'{0x00000000ef0619b8}: 'void java.lang.invoke.DirectMethodHandle$Holder.invokeSpecial(java.lang.Object, java.lang.Object, java.lang.Object)'> (0x00000000ef0619b8) 
thrown [s\open\src\hotspot\share\interpreter\linkResolver.cpp, line 773]
Event: 3.307 Thread 0x000002c7cdb6abf0 Exception <a 'java/lang/NoSuchMethodError'{0x00000000eeb5da80}: 'long java.lang.invoke.DirectMethodHandle$Holder.invokeInterface(java.lang.Object, java.lang.Object)'> (0x00000000eeb5da80) 
thrown [s\open\src\hotspot\share\interpreter\linkResolver.cpp, line 773]
Event: 3.397 Thread 0x000002c7cdb6abf0 Exception <a 'java/lang/NoSuchMethodError'{0x00000000ee7a8fe8}: 'void java.lang.invoke.DirectMethodHandle$Holder.invokeStatic(java.lang.Object, java.lang.Object)'> (0x00000000ee7a8fe8) 
thrown [s\open\src\hotspot\share\interpreter\linkResolver.cpp, line 773]
Event: 3.404 Thread 0x000002c7cdb6abf0 Exception <a 'java/lang/NoSuchMethodError'{0x00000000ee7e7188}: 'java.lang.Object java.lang.invoke.DirectMethodHandle$Holder.invokeVirtual(java.lang.Object, java.lang.Object, java.lang.Object, java.lang.Object, java.lang.Object, java.lang.Object, java.lang.Object, java.lang.Object, java.lang.Object, java.lang.Object, java.lang.Object, java.lang.Object)'> (0x00000000ee7e7188) 
thrown [s\open\src\hotspot\share\interpreter\linkResolver.cpp, line 773]
Event: 3.405 Thread 0x000002c7cdb6abf0 Exception <a 'java/lang/NoSuchMethodError'{0x00000000ee7ec100}: 'java.lang.Object java.lang.invoke.DirectMethodHandle$Holder.invokeSpecial(java.lang.Object, java.lang.Object, java.lang.Object, java.lang.Object, java.lang.Object, java.lang.Object, java.lang.Object, java.lang.Object, java.lang.Object, java.lang.Object, java.lang.Object, java.lang.Object, java.lang.Object)'> (0x00000000ee7ec100) 
thrown [s\open\src\hotspot\share\interpreter\linkResolver.cpp, line 773]
Event: 3.441 Thread 0x000002c7cdb6abf0 Exception <a 'java/lang/NoSuchMethodError'{0x00000000ee5d4bf8}: 'int java.lang.invoke.DirectMethodHandle$Holder.invokeVirtual(java.lang.Object, java.lang.Object, java.lang.Object)'> (0x00000000ee5d4bf8) 
thrown [s\open\src\hotspot\share\interpreter\linkResolver.cpp, line 773]
Event: 3.485 Thread 0x000002c7cdb6abf0 Exception <a 'java/lang/NoSuchMethodError'{0x00000000ee22d9a8}: 'java.lang.Object java.lang.invoke.DirectMethodHandle$Holder.newInvokeSpecial(java.lang.Object, java.lang.Object, java.lang.Object, java.lang.Object, java.lang.Object, java.lang.Object)'> (0x00000000ee22d9a8) 
thrown [s\open\src\hotspot\share\interpreter\linkResolver.cpp, line 773]
Event: 3.488 Thread 0x000002c7cdb6abf0 Exception <a 'java/lang/NoSuchMethodError'{0x00000000ee24f000}: 'void java.lang.invoke.DirectMethodHandle$Holder.invokeStaticInit(java.lang.Object, java.lang.Object)'> (0x00000000ee24f000) 
thrown [s\open\src\hotspot\share\interpreter\linkResolver.cpp, line 773]
Event: 3.548 Thread 0x000002c7cdb6abf0 Exception <a 'java/lang/NoSuchMethodError'{0x00000000ee0dd188}: 'void java.lang.invoke.DelegatingMethodHandle$Holder.reinvoke_L(java.lang.Object, java.lang.Object, java.lang.Object, java.lang.Object, java.lang.Object, java.lang.Object, java.lang.Object, java.lang.Object, java.lang.Object, java.lang.Object)'> (0x00000000ee0dd188) 
thrown [s\open\src\hotspot\share\interpreter\linkResolver.cpp, line 773]
Event: 3.549 Thread 0x000002c7cdb6abf0 Exception <a 'java/lang/NoSuchMethodError'{0x00000000ee0e4b88}: 'java.lang.Object java.lang.invoke.Invokers$Holder.invoker(java.lang.Object, java.lang.Object, java.lang.Object, java.lang.Object, java.lang.Object, java.lang.Object, java.lang.Object, java.lang.Object, java.lang.Object, java.lang.Object)'> (0x00000000ee0e4b88) 
thrown [s\open\src\hotspot\share\interpreter\linkResolver.cpp, line 773]
Event: 3.625 Thread 0x000002c7cdb6abf0 Exception <a 'java/lang/NoSuchMethodError'{0x00000000edcc4980}: 'void java.lang.invoke.DirectMethodHandle$Holder.invokeVirtual(java.lang.Object, java.lang.Object, java.lang.Object, java.lang.Object, java.lang.Object)'> (0x00000000edcc4980) 
thrown [s\open\src\hotspot\share\interpreter\linkResolver.cpp, line 773]
Event: 3.660 Thread 0x000002c7cdb6abf0 Exception <a 'java/lang/NoSuchMethodError'{0x00000000eda680a0}: 'void java.lang.invoke.DirectMethodHandle$Holder.invokeInterface(java.lang.Object, java.lang.Object)'> (0x00000000eda680a0) 
thrown [s\open\src\hotspot\share\interpreter\linkResolver.cpp, line 773]
Event: 3.660 Thread 0x000002c7cdb6abf0 Exception <a 'java/lang/IncompatibleClassChangeError'{0x00000000eda6b600}: Found class java.lang.Object, but interface was expected> (0x00000000eda6b600) 
thrown [s\open\src\hotspot\share\interpreter\linkResolver.cpp, line 840]
Event: 3.682 Thread 0x000002c7cdb6abf0 Exception <a 'java/lang/NoSuchMethodError'{0x00000000ed98d270}: 'java.lang.Object java.lang.invoke.DirectMethodHandle$Holder.newInvokeSpecial(java.lang.Object, java.lang.Object, int)'> (0x00000000ed98d270) 
thrown [s\open\src\hotspot\share\interpreter\linkResolver.cpp, line 773]
Event: 3.695 Thread 0x000002c7cdb6abf0 Exception <a 'java/lang/NoSuchMethodError'{0x00000000ed8871b0}: 'java.lang.Object java.lang.invoke.DirectMethodHandle$Holder.invokeVirtual(java.lang.Object, java.lang.Object, java.lang.Object, java.lang.Object, java.lang.Object, java.lang.Object, java.lang.Object, java.lang.Object)'> (0x00000000ed8871b0) 
thrown [s\open\src\hotspot\share\interpreter\linkResolver.cpp, line 773]

ZGC Phase Switch (0 events):
No events

VM Operations (20 events):
Event: 2.163 Executing VM operation: HandshakeAllThreads (Deoptimize)
Event: 2.163 Executing VM operation: HandshakeAllThreads (Deoptimize) done
Event: 2.164 Executing VM operation: HandshakeAllThreads (Deoptimize)
Event: 2.164 Executing VM operation: HandshakeAllThreads (Deoptimize) done
Event: 2.199 Executing VM operation: HandshakeAllThreads (Deoptimize)
Event: 2.199 Executing VM operation: HandshakeAllThreads (Deoptimize) done
Event: 2.229 Executing VM operation: HandshakeAllThreads (Deoptimize)
Event: 2.229 Executing VM operation: HandshakeAllThreads (Deoptimize) done
Event: 2.262 Executing VM operation: HandshakeAllThreads (Deoptimize)
Event: 2.262 Executing VM operation: HandshakeAllThreads (Deoptimize) done
Event: 2.329 Executing VM operation: HandshakeAllThreads (Deoptimize)
Event: 2.329 Executing VM operation: HandshakeAllThreads (Deoptimize) done
Event: 2.485 Executing VM operation: HandshakeAllThreads (Deoptimize)
Event: 2.485 Executing VM operation: HandshakeAllThreads (Deoptimize) done
Event: 2.769 Executing VM operation: HandshakeAllThreads (Deoptimize)
Event: 2.769 Executing VM operation: HandshakeAllThreads (Deoptimize) done
Event: 3.379 Executing VM operation: ICBufferFull
Event: 3.380 Executing VM operation: ICBufferFull done
Event: 3.680 Executing VM operation: HandshakeAllThreads (Deoptimize)
Event: 3.680 Executing VM operation: HandshakeAllThreads (Deoptimize) done

Events (20 events):
Event: 0.042 Thread 0x000002c7b2a16a10 Thread added: 0x000002c7b2a16a10
Event: 0.043 Thread 0x000002c7b2a19480 Thread added: 0x000002c7b2a19480
Event: 0.043 Thread 0x000002c7b2a254f0 Thread added: 0x000002c7b2a254f0
Event: 0.043 Thread 0x000002c7b2a2a720 Thread added: 0x000002c7b2a2a720
Event: 0.043 Thread 0x000002c7b2a2b1d0 Thread added: 0x000002c7b2a2b1d0
Event: 0.060 Thread 0x000002c7b2c5f200 Thread added: 0x000002c7b2c5f200
Event: 0.122 Thread 0x000002c7b2c5f890 Thread added: 0x000002c7b2c5f890
Event: 2.165 Thread 0x000002c7b2c5ff20 Thread added: 0x000002c7b2c5ff20
Event: 2.450 Thread 0x000002c7b2c5eb70 Thread added: 0x000002c7b2c5eb70
Event: 2.523 Thread 0x000002c7b2c605b0 Thread added: 0x000002c7b2c605b0
Event: 2.808 Thread 0x000002c7b2c5d7c0 Thread added: 0x000002c7b2c5d7c0
Event: 2.811 Thread 0x000002c7b2c5e4e0 Thread added: 0x000002c7b2c5e4e0
Event: 3.224 Thread 0x000002c7cdb69ed0 Thread added: 0x000002c7cdb69ed0
Event: 3.241 Thread 0x000002c7cdb6abf0 Thread added: 0x000002c7cdb6abf0
Event: 3.252 Thread 0x000002c7cdb6b280 Thread added: 0x000002c7cdb6b280
Event: 3.256 Thread 0x000002c7cdb68b20 Thread added: 0x000002c7cdb68b20
Event: 3.259 Thread 0x000002c7cdb66a50 Thread added: 0x000002c7cdb66a50
Event: 3.680 Thread 0x000002c7cdb6a560 Thread added: 0x000002c7cdb6a560
Event: 3.690 Thread 0x000002c7cdb68490 Thread added: 0x000002c7cdb68490
Event: 3.716 Thread 0x000002c7cdb6b910 Thread added: 0x000002c7cdb6b910


Dynamic libraries:
0x00007ff785e50000 - 0x00007ff785e60000 	C:\Program Files\Java\jdk-21\bin\java.exe
0x00007ffe255f0000 - 0x00007ffe257e8000 	C:\WINDOWS\SYSTEM32\ntdll.dll
0x00007ffe23d10000 - 0x00007ffe23dd2000 	C:\WINDOWS\System32\KERNEL32.DLL
0x00007ffe23060000 - 0x00007ffe2335f000 	C:\WINDOWS\System32\KERNELBASE.dll
0x00007ffe22cc0000 - 0x00007ffe22dc0000 	C:\WINDOWS\System32\ucrtbase.dll
0x00007ffde9430000 - 0x00007ffde9449000 	C:\Program Files\Java\jdk-21\bin\jli.dll
0x00007ffded430000 - 0x00007ffded44b000 	C:\Program Files\Java\jdk-21\bin\VCRUNTIME140.dll
0x00007ffe23c60000 - 0x00007ffe23d0f000 	C:\WINDOWS\System32\ADVAPI32.dll
0x00007ffe239e0000 - 0x00007ffe23a7e000 	C:\WINDOWS\System32\msvcrt.dll
0x00007ffe240f0000 - 0x00007ffe2418f000 	C:\WINDOWS\System32\sechost.dll
0x00007ffe23e90000 - 0x00007ffe23fb3000 	C:\WINDOWS\System32\RPCRT4.dll
0x00007ffe23450000 - 0x00007ffe23477000 	C:\WINDOWS\System32\bcrypt.dll
0x00007ffe25360000 - 0x00007ffe254fd000 	C:\WINDOWS\System32\USER32.dll
0x00007ffe22c90000 - 0x00007ffe22cb2000 	C:\WINDOWS\System32\win32u.dll
0x00007ffe08f60000 - 0x00007ffe091fa000 	C:\WINDOWS\WinSxS\amd64_microsoft.windows.common-controls_6595b64144ccf1df_6.0.19041.4355_none_60b8b9eb71f62e16\COMCTL32.dll
0x00007ffe23b50000 - 0x00007ffe23b7b000 	C:\WINDOWS\System32\GDI32.dll
0x00007ffe234f0000 - 0x00007ffe2360a000 	C:\WINDOWS\System32\gdi32full.dll
0x00007ffe23360000 - 0x00007ffe233fd000 	C:\WINDOWS\System32\msvcp_win.dll
0x00007ffe1de70000 - 0x00007ffe1de7a000 	C:\WINDOWS\SYSTEM32\VERSION.dll
0x00007ffe236a0000 - 0x00007ffe236cf000 	C:\WINDOWS\System32\IMM32.DLL
0x00007ffe1f190000 - 0x00007ffe1f19c000 	C:\Program Files\Java\jdk-21\bin\vcruntime140_1.dll
0x00007ffddb290000 - 0x00007ffddb31e000 	C:\Program Files\Java\jdk-21\bin\msvcp140.dll
0x00007ffdc4440000 - 0x00007ffdc5157000 	C:\Program Files\Java\jdk-21\bin\server\jvm.dll
0x00007ffe23ae0000 - 0x00007ffe23b4b000 	C:\WINDOWS\System32\WS2_32.dll
0x00007ffe22540000 - 0x00007ffe2258b000 	C:\WINDOWS\SYSTEM32\POWRPROF.dll
0x00007ffe1e890000 - 0x00007ffe1e8b7000 	C:\WINDOWS\SYSTEM32\WINMM.dll
0x00007ffe22520000 - 0x00007ffe22532000 	C:\WINDOWS\SYSTEM32\UMPDC.dll
0x00007ffe20ad0000 - 0x00007ffe20ae2000 	C:\WINDOWS\SYSTEM32\kernel.appcore.dll
0x00007ffe114b0000 - 0x00007ffe114ba000 	C:\Program Files\Java\jdk-21\bin\jimage.dll
0x00007ffe1ac50000 - 0x00007ffe1ae34000 	C:\WINDOWS\SYSTEM32\DBGHELP.DLL
0x00007ffe07f80000 - 0x00007ffe07fb4000 	C:\WINDOWS\SYSTEM32\dbgcore.DLL
0x00007ffe22e70000 - 0x00007ffe22ef2000 	C:\WINDOWS\System32\bcryptPrimitives.dll
0x00007ffe08b30000 - 0x00007ffe08b3f000 	C:\Program Files\Java\jdk-21\bin\instrument.dll
0x00007ffde59e0000 - 0x00007ffde59ff000 	C:\Program Files\Java\jdk-21\bin\java.dll
0x00007ffe24b90000 - 0x00007ffe252fd000 	C:\WINDOWS\System32\SHELL32.dll
0x00007ffe20cd0000 - 0x00007ffe21474000 	C:\WINDOWS\SYSTEM32\windows.storage.dll
0x00007ffe24830000 - 0x00007ffe24b85000 	C:\WINDOWS\System32\combase.dll
0x00007ffe225e0000 - 0x00007ffe2260f000 	C:\WINDOWS\SYSTEM32\Wldp.dll
0x00007ffe236d0000 - 0x00007ffe2379d000 	C:\WINDOWS\System32\OLEAUT32.dll
0x00007ffe23800000 - 0x00007ffe238ad000 	C:\WINDOWS\System32\SHCORE.dll
0x00007ffe25300000 - 0x00007ffe25355000 	C:\WINDOWS\System32\shlwapi.dll
0x00007ffe22bc0000 - 0x00007ffe22be4000 	C:\WINDOWS\SYSTEM32\profapi.dll
0x00007ffdd8810000 - 0x00007ffdd88e7000 	C:\Program Files\Java\jdk-21\bin\jsvml.dll
0x00007ffde59c0000 - 0x00007ffde59d8000 	C:\Program Files\Java\jdk-21\bin\zip.dll
0x00007ffe030b0000 - 0x00007ffe030c0000 	C:\Program Files\Java\jdk-21\bin\net.dll
0x00007ffe19860000 - 0x00007ffe1996a000 	C:\WINDOWS\SYSTEM32\WINHTTP.dll
0x00007ffe22350000 - 0x00007ffe223bc000 	C:\WINDOWS\system32\mswsock.dll
0x00007ffde59a0000 - 0x00007ffde59b6000 	C:\Program Files\Java\jdk-21\bin\nio.dll
0x00007ffdff740000 - 0x00007ffdff750000 	C:\Program Files\Java\jdk-21\bin\verify.dll
0x00007ffe114c0000 - 0x00007ffe114e7000 	C:\Users\CeylanB\.gradle\native\c067742578af261105cb4f569cf0c3c89f3d7b1fecec35dd04571415982c5e48\windows-amd64\native-platform.dll
0x00007ffdd8400000 - 0x00007ffdd8544000 	C:\Users\CeylanB\.gradle\native\100fb08df4bc3b14c8652ba06237920a3bd2aa13389f12d3474272988ae205f9\windows-amd64\native-platform-file-events.dll
0x00007ffdff6f0000 - 0x00007ffdff6fa000 	C:\Program Files\Java\jdk-21\bin\management.dll
0x00007ffdfe5d0000 - 0x00007ffdfe5db000 	C:\Program Files\Java\jdk-21\bin\management_ext.dll
0x00007ffe23fc0000 - 0x00007ffe23fc8000 	C:\WINDOWS\System32\PSAPI.DLL
0x00007ffe22620000 - 0x00007ffe22638000 	C:\WINDOWS\SYSTEM32\CRYPTSP.dll
0x00007ffe21c30000 - 0x00007ffe21c64000 	C:\WINDOWS\system32\rsaenh.dll
0x00007ffe22b40000 - 0x00007ffe22b6e000 	C:\WINDOWS\SYSTEM32\USERENV.dll
0x00007ffe224e0000 - 0x00007ffe224ec000 	C:\WINDOWS\SYSTEM32\CRYPTBASE.dll
0x00007ffe22050000 - 0x00007ffe2208b000 	C:\WINDOWS\SYSTEM32\IPHLPAPI.DLL
0x00007ffe241f0000 - 0x00007ffe241f8000 	C:\WINDOWS\System32\NSI.dll
0x00007ffdfdea0000 - 0x00007ffdfdea9000 	C:\Program Files\Java\jdk-21\bin\extnet.dll
0x00007ffdfba50000 - 0x00007ffdfba5e000 	C:\Program Files\Java\jdk-21\bin\sunmscapi.dll
0x00007ffe22f00000 - 0x00007ffe2305c000 	C:\WINDOWS\System32\CRYPT32.dll
0x00007ffe22730000 - 0x00007ffe22757000 	C:\WINDOWS\SYSTEM32\ncrypt.dll
0x00007ffe226f0000 - 0x00007ffe2272b000 	C:\WINDOWS\SYSTEM32\NTASN1.dll
0x00007ffe1e670000 - 0x00007ffe1e677000 	C:\WINDOWS\system32\wshunix.dll

dbghelp: loaded successfully - version: 4.0.5 - missing functions: none
symbol engine: initialized successfully - sym options: 0x614 - pdb path: .;C:\Program Files\Java\jdk-21\bin;C:\WINDOWS\SYSTEM32;C:\WINDOWS\WinSxS\amd64_microsoft.windows.common-controls_6595b64144ccf1df_6.0.19041.4355_none_60b8b9eb71f62e16;C:\Program Files\Java\jdk-21\bin\server;C:\Users\CeylanB\.gradle\native\c067742578af261105cb4f569cf0c3c89f3d7b1fecec35dd04571415982c5e48\windows-amd64;C:\Users\CeylanB\.gradle\native\100fb08df4bc3b14c8652ba06237920a3bd2aa13389f12d3474272988ae205f9\windows-amd64

VM Arguments:
jvm_args: --add-opens=java.base/java.util=ALL-UNNAMED --add-opens=java.base/java.lang=ALL-UNNAMED --add-opens=java.base/java.lang.invoke=ALL-UNNAMED --add-opens=java.prefs/java.util.prefs=ALL-UNNAMED --add-exports=jdk.compiler/com.sun.tools.javac.api=ALL-UNNAMED --add-exports=jdk.compiler/com.sun.tools.javac.util=ALL-UNNAMED --add-opens=java.base/java.nio.charset=ALL-UNNAMED --add-opens=java.base/java.net=ALL-UNNAMED --add-opens=java.base/java.util.concurrent.atomic=ALL-UNNAMED -XX:MaxMetaspaceSize=384m -XX:+HeapDumpOnOutOfMemoryError -Xms256m -Xmx512m -Dfile.encoding=UTF-8 -Duser.country=US -Duser.language=en -Duser.variant -javaagent:C:\Users\CeylanB\.gradle\wrapper\dists\gradle-8.10-bin\deqhafrv1ntovfmgh0nh3npr9\gradle-8.10\lib\agents\gradle-instrumentation-agent-8.10.jar 
java_command: org.gradle.launcher.daemon.bootstrap.GradleDaemon 8.10
java_class_path (initial): C:\Users\CeylanB\.gradle\wrapper\dists\gradle-8.10-bin\deqhafrv1ntovfmgh0nh3npr9\gradle-8.10\lib\gradle-daemon-main-8.10.jar
Launcher Type: SUN_STANDARD

[Global flags]
     intx CICompilerCount                          = 4                                         {product} {ergonomic}
   size_t CompressedClassSpaceSize                 = 335544320                                 {product} {ergonomic}
     uint ConcGCThreads                            = 2                                         {product} {ergonomic}
     uint G1ConcRefinementThreads                  = 8                                         {product} {ergonomic}
   size_t G1HeapRegionSize                         = 1048576                                   {product} {ergonomic}
    uintx GCDrainStackTargetSize                   = 64                                        {product} {ergonomic}
     bool HeapDumpOnOutOfMemoryError               = true                                   {manageable} {command line}
   size_t InitialHeapSize                          = 268435456                                 {product} {command line}
   size_t MarkStackSize                            = 4194304                                   {product} {ergonomic}
   size_t MaxHeapSize                              = 536870912                                 {product} {command line}
   size_t MaxMetaspaceSize                         = 402653184                                 {product} {command line}
   size_t MaxNewSize                               = 321912832                                 {product} {ergonomic}
   size_t MinHeapDeltaBytes                        = 1048576                                   {product} {ergonomic}
   size_t MinHeapSize                              = 268435456                                 {product} {command line}
    uintx NonNMethodCodeHeapSize                   = 5839372                                {pd product} {ergonomic}
    uintx NonProfiledCodeHeapSize                  = 122909434                              {pd product} {ergonomic}
    uintx ProfiledCodeHeapSize                     = 122909434                              {pd product} {ergonomic}
    uintx ReservedCodeCacheSize                    = 251658240                              {pd product} {ergonomic}
     bool SegmentedCodeCache                       = true                                      {product} {ergonomic}
   size_t SoftMaxHeapSize                          = 536870912                              {manageable} {ergonomic}
     bool UseCompressedOops                        = true                           {product lp64_product} {ergonomic}
     bool UseG1GC                                  = true                                      {product} {ergonomic}
     bool UseLargePagesIndividualAllocation        = false                                  {pd product} {ergonomic}

Logging:
Log output configuration:
 #0: stdout all=warning uptime,level,tags foldmultilines=false
 #1: stderr all=off uptime,level,tags foldmultilines=false

Environment Variables:
JAVA_HOME=C:\Program Files\Microsoft\jdk-17.0.10.7-hotspot\
PATH=C:\Program Files\Python313\Scripts\;C:\Program Files\Python313\;C:\Program Files\nodejs\;C:\Program Files\apache-maven-3.9.9\bin;C:\Program Files\Microsoft\jdk-17.0.10.7-hotspot\\bin;C:\Gradle\gradle-8.12.1\bin;;C:\Program Files\Docker\Docker\resources\bin;C:\Program Files\JetBrains\IntelliJ IDEA Community Edition 2024.3.1.1\bin;;C:\Program Files\PostgreSQL\16\bin;C:\Users\CeylanB\AppData\Roaming\npm;C:\Users\CeylanB\AppData\Local\Programs\Microsoft VS Code\bin
USERNAME=Baris
OS=Windows_NT
PROCESSOR_IDENTIFIER=Intel64 Family 6 Model 142 Stepping 12, GenuineIntel
TMP=C:\Users\CeylanB\AppData\Local\Temp
TEMP=C:\Users\CeylanB\AppData\Local\Temp




Periodic native trim disabled

---------------  S Y S T E M  ---------------

OS:
 Windows 10 , 64 bit Build 19041 (10.0.19041.5438)
OS uptime: 0 days 16:15 hours
Hyper-V role detected

CPU: total 8 (initial active 8) (4 cores per cpu, 2 threads per core) family 6 model 142 stepping 12 microcode 0xd6, cx8, cmov, fxsr, ht, mmx, 3dnowpref, sse, sse2, sse3, ssse3, sse4.1, sse4.2, popcnt, lzcnt, tsc, tscinvbit, avx, avx2, aes, erms, clmul, bmi1, bmi2, adx, fma, vzeroupper, clflush, clflushopt, hv, rdtscp, f16c
Processor Information for all 8 processors :
  Max Mhz: 2112, Current Mhz: 1609, Mhz Limit: 1605

Memory: 4k page, system-wide physical 3929M (62M free)
TotalPageFile size 16217M (AvailPageFile size 0M)
current process WorkingSet (physical memory assigned to process): 159M, peak: 159M
current process commit charge ("private bytes"): 395M, peak: 395M

vm_info: Java HotSpot(TM) 64-Bit Server VM (21.0.2+13-LTS-58) for windows-amd64 JRE (21.0.2+13-LTS-58), built on 2024-01-05T18:32:24Z by "mach5one" with MS VC++ 17.1 (VS2022)

END.
